<?xml version="1.0" encoding="UTF-8"?>
<!-- Generated by org.testng.reporters.JUnitReportReporter -->
<testsuite hostname="DESKTOP-D3NLLGS" failures="0" tests="2" name="com.testcases.RedBusTestcase" time="3.748" errors="1" timestamp="2020-03-26T20:43:20 IST" skipped="0">
  <testcase classname="com.testcases.RedBusTestcase" name="searchbus" time="3.733"/>
  <system-out/>
  <testcase classname="com.testcases.RedBusTestcase" name="quit" time="0.015">
    <error type="java.lang.StackOverflowError">
      <![CDATA[java.lang.StackOverflowError
at com.testcases.RedBusTestcase.quit(RedBusTestcase.java:32)
at com.testcases.RedBusTestcase.quit(RedBusTestcase.java:32)
at com.testcases.RedBusTestcase.quit(RedBusTestcase.java:32)
at com.testcases.RedBusTestcase.quit(RedBusTestcase.java:32)
at com.testcases.RedBusTestcase.quit(RedBusTestcase.java:32)
at com.testcases.RedBusTestcase.quit(RedBusTestcase.java:32)
at com.testcases.RedBusTestcase.quit(RedBusTestcase.java:32)
at com.testcases.RedBusTestcase.quit(RedBusTestcase.java:32)
at com.testcases.RedBusTestcase.quit(RedBusTestcase.java:32)
at com.testcases.RedBusTestcase.quit(RedBusTestcase.java:32)
at com.testcases.RedBusTestcase.quit(RedBusTestcase.java:32)
at com.testcases.RedBusTestcase.quit(RedBusTestcase.java:32)
at com.testcases.RedBusTestcase.quit(RedBusTestcase.java:32)
at com.testcases.RedBusTestcase.quit(RedBusTestcase.java:32)
at com.testcases.RedBusTestcase.quit(RedBusTestcase.java:32)
at com.testcases.RedBusTestcase.quit(RedBusTestcase.java:32)
at com.testcases.RedBusTestcase.quit(RedBusTestcase.java:32)
at com.testcases.RedBusTestcase.quit(RedBusTestcase.java:32)
at com.testcases.RedBusTestcase.quit(RedBusTestcase.java:32)
at com.testcases.RedBusTestcase.quit(RedBusTestcase.java:32)
at com.testcases.RedBusTestcase.quit(RedBusTestcase.java:32)
at com.testcases.RedBusTestcase.quit(RedBusTestcase.java:32)
at com.testcases.RedBusTestcase.quit(RedBusTestcase.java:32)
at com.testcases.RedBusTestcase.quit(RedBusTestcase.java:32)
at com.testcases.RedBusTestcase.quit(RedBusTestcase.java:32)
at com.testcases.RedBusTestcase.quit(RedBusTestcase.java:32)
at com.testcases.RedBusTestcase.quit(RedBusTestcase.java:32)
at com.testcases.RedBusTestcase.quit(RedBusTestcase.java:32)
at com.testcases.RedBusTestcase.quit(RedBusTestcase.java:32)
at com.testcases.RedBusTestcase.quit(RedBusTestcase.java:32)
at com.testcases.RedBusTestcase.quit(RedBusTestcase.java:32)
at com.testcases.RedBusTestcase.quit(RedBusTestcase.java:32)
at com.testcases.RedBusTestcase.quit(RedBusTestcase.java:32)
at com.testcases.RedBusTestcase.quit(RedBusTestcase.java:32)
at com.testcases.RedBusTestcase.quit(RedBusTestcase.java:32)
at com.testcases.RedBusTestcase.quit(RedBusTestcase.java:32)
at com.testcases.RedBusTestcase.quit(RedBusTestcase.java:32)
at com.testcases.RedBusTestcase.quit(RedBusTestcase.java:32)
at com.testcases.RedBusTestcase.quit(RedBusTestcase.java:32)
at com.testcases.RedBusTestcase.quit(RedBusTestcase.java:32)
at com.testcases.RedBusTestcase.quit(RedBusTestcase.java:32)
at com.testcases.RedBusTestcase.quit(RedBusTestcase.java:32)
at com.testcases.RedBusTestcase.quit(RedBusTestcase.java:32)
at com.testcases.RedBusTestcase.quit(RedBusTestcase.java:32)
at com.testcases.RedBusTestcase.quit(RedBusTestcase.java:32)
at com.testcases.RedBusTestcase.quit(RedBusTestcase.java:32)
at com.testcases.RedBusTestcase.quit(RedBusTestcase.java:32)
at com.testcases.RedBusTestcase.quit(RedBusTestcase.java:32)
at com.testcases.RedBusTestcase.quit(RedBusTestcase.java:32)
at com.testcases.RedBusTestcase.quit(RedBusTestcase.java:32)
at com.testcases.RedBusTestcase.quit(RedBusTestcase.java:32)
at com.testcases.RedBusTestcase.quit(RedBusTestcase.java:32)
at com.testcases.RedBusTestcase.quit(RedBusTestcase.java:32)
at com.testcases.RedBusTestcase.quit(RedBusTestcase.java:32)
at com.testcases.RedBusTestcase.quit(RedBusTestcase.java:32)
at com.testcases.RedBusTestcase.quit(RedBusTestcase.java:32)
at com.testcases.RedBusTestcase.quit(RedBusTestcase.java:32)
at com.testcases.RedBusTestcase.quit(RedBusTestcase.java:32)
at com.testcases.RedBusTestcase.quit(RedBusTestcase.java:32)
at com.testcases.RedBusTestcase.quit(RedBusTestcase.java:32)
at com.testcases.RedBusTestcase.quit(RedBusTestcase.java:32)
at com.testcases.RedBusTestcase.quit(RedBusTestcase.java:32)
at com.testcases.RedBusTestcase.quit(RedBusTestcase.java:32)
at com.testcases.RedBusTestcase.quit(RedBusTestcase.java:32)
at com.testcases.RedBusTestcase.quit(RedBusTestcase.java:32)
at com.testcases.RedBusTestcase.quit(RedBusTestcase.java:32)
at com.testcases.RedBusTestcase.quit(RedBusTestcase.java:32)
at com.testcases.RedBusTestcase.quit(RedBusTestcase.java:32)
at com.testcases.RedBusTestcase.quit(RedBusTestcase.java:32)
at com.testcases.RedBusTestcase.quit(RedBusTestcase.java:32)
at com.testcases.RedBusTestcase.quit(RedBusTestcase.java:32)
at com.testcases.RedBusTestcase.quit(RedBusTestcase.java:32)
at com.testcases.RedBusTestcase.quit(RedBusTestcase.java:32)
at com.testcases.RedBusTestcase.quit(RedBusTestcase.java:32)
at com.testcases.RedBusTestcase.quit(RedBusTestcase.java:32)
at com.testcases.RedBusTestcase.quit(RedBusTestcase.java:32)
at com.testcases.RedBusTestcase.quit(RedBusTestcase.java:32)
at com.testcases.RedBusTestcase.quit(RedBusTestcase.java:32)
at com.testcases.RedBusTestcase.quit(RedBusTestcase.java:32)
at com.testcases.RedBusTestcase.quit(RedBusTestcase.java:32)
at com.testcases.RedBusTestcase.quit(RedBusTestcase.java:32)
at com.testcases.RedBusTestcase.quit(RedBusTestcase.java:32)
at com.testcases.RedBusTestcase.quit(RedBusTestcase.java:32)
at com.testcases.RedBusTestcase.quit(RedBusTestcase.java:32)
at com.testcases.RedBusTestcase.quit(RedBusTestcase.java:32)
at com.testcases.RedBusTestcase.quit(RedBusTestcase.java:32)
at com.testcases.RedBusTestcase.quit(RedBusTestcase.java:32)
at com.testcases.RedBusTestcase.quit(RedBusTestcase.java:32)
at com.testcases.RedBusTestcase.quit(RedBusTestcase.java:32)
at com.testcases.RedBusTestcase.quit(RedBusTestcase.java:32)
at com.testcases.RedBusTestcase.quit(RedBusTestcase.java:32)
at com.testcases.RedBusTestcase.quit(RedBusTestcase.java:32)
at com.testcases.RedBusTestcase.quit(RedBusTestcase.java:32)
at com.testcases.RedBusTestcase.quit(RedBusTestcase.java:32)
at com.testcases.RedBusTestcase.quit(RedBusTestcase.java:32)
at com.testcases.RedBusTestcase.quit(RedBusTestcase.java:32)
at com.testcases.RedBusTestcase.quit(RedBusTestcase.java:32)
at com.testcases.RedBusTestcase.quit(RedBusTestcase.java:32)
at com.testcases.RedBusTestcase.quit(RedBusTestcase.java:32)
at com.testcases.RedBusTestcase.quit(RedBusTestcase.java:32)
at com.testcases.RedBusTestcase.quit(RedBusTestcase.java:32)
at com.testcases.RedBusTestcase.quit(RedBusTestcase.java:32)
at com.testcases.RedBusTestcase.quit(RedBusTestcase.java:32)
at com.testcases.RedBusTestcase.quit(RedBusTestcase.java:32)
at com.testcases.RedBusTestcase.quit(RedBusTestcase.java:32)
at com.testcases.RedBusTestcase.quit(RedBusTestcase.java:32)
at com.testcases.RedBusTestcase.quit(RedBusTestcase.java:32)
at com.testcases.RedBusTestcase.quit(RedBusTestcase.java:32)
at com.testcases.RedBusTestcase.quit(RedBusTestcase.java:32)
at com.testcases.RedBusTestcase.quit(RedBusTestcase.java:32)
at com.testcases.RedBusTestcase.quit(RedBusTestcase.java:32)
at com.testcases.RedBusTestcase.quit(RedBusTestcase.java:32)
at com.testcases.RedBusTestcase.quit(RedBusTestcase.java:32)
at com.testcases.RedBusTestcase.quit(RedBusTestcase.java:32)
at com.testcases.RedBusTestcase.quit(RedBusTestcase.java:32)
at com.testcases.RedBusTestcase.quit(RedBusTestcase.java:32)
at com.testcases.RedBusTestcase.quit(RedBusTestcase.java:32)
at com.testcases.RedBusTestcase.quit(RedBusTestcase.java:32)
at com.testcases.RedBusTestcase.quit(RedBusTestcase.java:32)
at com.testcases.RedBusTestcase.quit(RedBusTestcase.java:32)
at com.testcases.RedBusTestcase.quit(RedBusTestcase.java:32)
at com.testcases.RedBusTestcase.quit(RedBusTestcase.java:32)
at com.testcases.RedBusTestcase.quit(RedBusTestcase.java:32)
at com.testcases.RedBusTestcase.quit(RedBusTestcase.java:32)
at com.testcases.RedBusTestcase.quit(RedBusTestcase.java:32)
at com.testcases.RedBusTestcase.quit(RedBusTestcase.java:32)
at com.testcases.RedBusTestcase.quit(RedBusTestcase.java:32)
at com.testcases.RedBusTestcase.quit(RedBusTestcase.java:32)
at com.testcases.RedBusTestcase.quit(RedBusTestcase.java:32)
at com.testcases.RedBusTestcase.quit(RedBusTestcase.java:32)
at com.testcases.RedBusTestcase.quit(RedBusTestcase.java:32)
at com.testcases.RedBusTestcase.quit(RedBusTestcase.java:32)
at com.testcases.RedBusTestcase.quit(RedBusTestcase.java:32)
at com.testcases.RedBusTestcase.quit(RedBusTestcase.java:32)
at com.testcases.RedBusTestcase.quit(RedBusTestcase.java:32)
at com.testcases.RedBusTestcase.quit(RedBusTestcase.java:32)
at com.testcases.RedBusTestcase.quit(RedBusTestcase.java:32)
at com.testcases.RedBusTestcase.quit(RedBusTestcase.java:32)
at com.testcases.RedBusTestcase.quit(RedBusTestcase.java:32)
at com.testcases.RedBusTestcase.quit(RedBusTestcase.java:32)
at com.testcases.RedBusTestcase.quit(RedBusTestcase.java:32)
at com.testcases.RedBusTestcase.quit(RedBusTestcase.java:32)
at com.testcases.RedBusTestcase.quit(RedBusTestcase.java:32)
at com.testcases.RedBusTestcase.quit(RedBusTestcase.java:32)
at com.testcases.RedBusTestcase.quit(RedBusTestcase.java:32)
at com.testcases.RedBusTestcase.quit(RedBusTestcase.java:32)
at com.testcases.RedBusTestcase.quit(RedBusTestcase.java:32)
at com.testcases.RedBusTestcase.quit(RedBusTestcase.java:32)
at com.testcases.RedBusTestcase.quit(RedBusTestcase.java:32)
at com.testcases.RedBusTestcase.quit(RedBusTestcase.java:32)
at com.testcases.RedBusTestcase.quit(RedBusTestcase.java:32)
at com.testcases.RedBusTestcase.quit(RedBusTestcase.java:32)
at com.testcases.RedBusTestcase.quit(RedBusTestcase.java:32)
at com.testcases.RedBusTestcase.quit(RedBusTestcase.java:32)
at com.testcases.RedBusTestcase.quit(RedBusTestcase.java:32)
at com.testcases.RedBusTestcase.quit(RedBusTestcase.java:32)
at com.testcases.RedBusTestcase.quit(RedBusTestcase.java:32)
at com.testcases.RedBusTestcase.quit(RedBusTestcase.java:32)
at com.testcases.RedBusTestcase.quit(RedBusTestcase.java:32)
at com.testcases.RedBusTestcase.quit(RedBusTestcase.java:32)
at com.testcases.RedBusTestcase.quit(RedBusTestcase.java:32)
at com.testcases.RedBusTestcase.quit(RedBusTestcase.java:32)
at com.testcases.RedBusTestcase.quit(RedBusTestcase.java:32)
at com.testcases.RedBusTestcase.quit(RedBusTestcase.java:32)
at com.testcases.RedBusTestcase.quit(RedBusTestcase.java:32)
at com.testcases.RedBusTestcase.quit(RedBusTestcase.java:32)
at com.testcases.RedBusTestcase.quit(RedBusTestcase.java:32)
at com.testcases.RedBusTestcase.quit(RedBusTestcase.java:32)
at com.testcases.RedBusTestcase.quit(RedBusTestcase.java:32)
at com.testcases.RedBusTestcase.quit(RedBusTestcase.java:32)
at com.testcases.RedBusTestcase.quit(RedBusTestcase.java:32)
at com.testcases.RedBusTestcase.quit(RedBusTestcase.java:32)
at com.testcases.RedBusTestcase.quit(RedBusTestcase.java:32)
at com.testcases.RedBusTestcase.quit(RedBusTestcase.java:32)
at com.testcases.RedBusTestcase.quit(RedBusTestcase.java:32)
at com.testcases.RedBusTestcase.quit(RedBusTestcase.java:32)
at com.testcases.RedBusTestcase.quit(RedBusTestcase.java:32)
at com.testcases.RedBusTestcase.quit(RedBusTestcase.java:32)
at com.testcases.RedBusTestcase.quit(RedBusTestcase.java:32)
at com.testcases.RedBusTestcase.quit(RedBusTestcase.java:32)
at com.testcases.RedBusTestcase.quit(RedBusTestcase.java:32)
at com.testcases.RedBusTestcase.quit(RedBusTestcase.java:32)
at com.testcases.RedBusTestcase.quit(RedBusTestcase.java:32)
at com.testcases.RedBusTestcase.quit(RedBusTestcase.java:32)
at com.testcases.RedBusTestcase.quit(RedBusTestcase.java:32)
at com.testcases.RedBusTestcase.quit(RedBusTestcase.java:32)
at com.testcases.RedBusTestcase.quit(RedBusTestcase.java:32)
at com.testcases.RedBusTestcase.quit(RedBusTestcase.java:32)
at com.testcases.RedBusTestcase.quit(RedBusTestcase.java:32)
at com.testcases.RedBusTestcase.quit(RedBusTestcase.java:32)
at com.testcases.RedBusTestcase.quit(RedBusTestcase.java:32)
at com.testcases.RedBusTestcase.quit(RedBusTestcase.java:32)
at com.testcases.RedBusTestcase.quit(RedBusTestcase.java:32)
at com.testcases.RedBusTestcase.quit(RedBusTestcase.java:32)
at com.testcases.RedBusTestcase.quit(RedBusTestcase.java:32)
at com.testcases.RedBusTestcase.quit(RedBusTestcase.java:32)
at com.testcases.RedBusTestcase.quit(RedBusTestcase.java:32)
at com.testcases.RedBusTestcase.quit(RedBusTestcase.java:32)
at com.testcases.RedBusTestcase.quit(RedBusTestcase.java:32)
at com.testcases.RedBusTestcase.quit(RedBusTestcase.java:32)
at com.testcases.RedBusTestcase.quit(RedBusTestcase.java:32)
at com.testcases.RedBusTestcase.quit(RedBusTestcase.java:32)
at com.testcases.RedBusTestcase.quit(RedBusTestcase.java:32)
at com.testcases.RedBusTestcase.quit(RedBusTestcase.java:32)
at com.testcases.RedBusTestcase.quit(RedBusTestcase.java:32)
at com.testcases.RedBusTestcase.quit(RedBusTestcase.java:32)
at com.testcases.RedBusTestcase.quit(RedBusTestcase.java:32)
at com.testcases.RedBusTestcase.quit(RedBusTestcase.java:32)
at com.testcases.RedBusTestcase.quit(RedBusTestcase.java:32)
at com.testcases.RedBusTestcase.quit(RedBusTestcase.java:32)
at com.testcases.RedBusTestcase.quit(RedBusTestcase.java:32)
at com.testcases.RedBusTestcase.quit(RedBusTestcase.java:32)
at com.testcases.RedBusTestcase.quit(RedBusTestcase.java:32)
at com.testcases.RedBusTestcase.quit(RedBusTestcase.java:32)
at com.testcases.RedBusTestcase.quit(RedBusTestcase.java:32)
at com.testcases.RedBusTestcase.quit(RedBusTestcase.java:32)
at com.testcases.RedBusTestcase.quit(RedBusTestcase.java:32)
at com.testcases.RedBusTestcase.quit(RedBusTestcase.java:32)
at com.testcases.RedBusTestcase.quit(RedBusTestcase.java:32)
at com.testcases.RedBusTestcase.quit(RedBusTestcase.java:32)
at com.testcases.RedBusTestcase.quit(RedBusTestcase.java:32)
at com.testcases.RedBusTestcase.quit(RedBusTestcase.java:32)
at com.testcases.RedBusTestcase.quit(RedBusTestcase.java:32)
at com.testcases.RedBusTestcase.quit(RedBusTestcase.java:32)
at com.testcases.RedBusTestcase.quit(RedBusTestcase.java:32)
at com.testcases.RedBusTestcase.quit(RedBusTestcase.java:32)
at com.testcases.RedBusTestcase.quit(RedBusTestcase.java:32)
at com.testcases.RedBusTestcase.quit(RedBusTestcase.java:32)
at com.testcases.RedBusTestcase.quit(RedBusTestcase.java:32)
at com.testcases.RedBusTestcase.quit(RedBusTestcase.java:32)
at com.testcases.RedBusTestcase.quit(RedBusTestcase.java:32)
at com.testcases.RedBusTestcase.quit(RedBusTestcase.java:32)
at com.testcases.RedBusTestcase.quit(RedBusTestcase.java:32)
at com.testcases.RedBusTestcase.quit(RedBusTestcase.java:32)
at com.testcases.RedBusTestcase.quit(RedBusTestcase.java:32)
at com.testcases.RedBusTestcase.quit(RedBusTestcase.java:32)
at com.testcases.RedBusTestcase.quit(RedBusTestcase.java:32)
at com.testcases.RedBusTestcase.quit(RedBusTestcase.java:32)
at com.testcases.RedBusTestcase.quit(RedBusTestcase.java:32)
at com.testcases.RedBusTestcase.quit(RedBusTestcase.java:32)
at com.testcases.RedBusTestcase.quit(RedBusTestcase.java:32)
at com.testcases.RedBusTestcase.quit(RedBusTestcase.java:32)
at com.testcases.RedBusTestcase.quit(RedBusTestcase.java:32)
at com.testcases.RedBusTestcase.quit(RedBusTestcase.java:32)
at com.testcases.RedBusTestcase.quit(RedBusTestcase.java:32)
at com.testcases.RedBusTestcase.quit(RedBusTestcase.java:32)
at com.testcases.RedBusTestcase.quit(RedBusTestcase.java:32)
at com.testcases.RedBusTestcase.quit(RedBusTestcase.java:32)
at com.testcases.RedBusTestcase.quit(RedBusTestcase.java:32)
at com.testcases.RedBusTestcase.quit(RedBusTestcase.java:32)
at com.testcases.RedBusTestcase.quit(RedBusTestcase.java:32)
at com.testcases.RedBusTestcase.quit(RedBusTestcase.java:32)
at com.testcases.RedBusTestcase.quit(RedBusTestcase.java:32)
at com.testcases.RedBusTestcase.quit(RedBusTestcase.java:32)
at com.testcases.RedBusTestcase.quit(RedBusTestcase.java:32)
at com.testcases.RedBusTestcase.quit(RedBusTestcase.java:32)
at com.testcases.RedBusTestcase.quit(RedBusTestcase.java:32)
at com.testcases.RedBusTestcase.quit(RedBusTestcase.java:32)
at com.testcases.RedBusTestcase.quit(RedBusTestcase.java:32)
at com.testcases.RedBusTestcase.quit(RedBusTestcase.java:32)
at com.testcases.RedBusTestcase.quit(RedBusTestcase.java:32)
at com.testcases.RedBusTestcase.quit(RedBusTestcase.java:32)
at com.testcases.RedBusTestcase.quit(RedBusTestcase.java:32)
at com.testcases.RedBusTestcase.quit(RedBusTestcase.java:32)
at com.testcases.RedBusTestcase.quit(RedBusTestcase.java:32)
at com.testcases.RedBusTestcase.quit(RedBusTestcase.java:32)
at com.testcases.RedBusTestcase.quit(RedBusTestcase.java:32)
at com.testcases.RedBusTestcase.quit(RedBusTestcase.java:32)
at com.testcases.RedBusTestcase.quit(RedBusTestcase.java:32)
at com.testcases.RedBusTestcase.quit(RedBusTestcase.java:32)
at com.testcases.RedBusTestcase.quit(RedBusTestcase.java:32)
at com.testcases.RedBusTestcase.quit(RedBusTestcase.java:32)
at com.testcases.RedBusTestcase.quit(RedBusTestcase.java:32)
at com.testcases.RedBusTestcase.quit(RedBusTestcase.java:32)
at com.testcases.RedBusTestcase.quit(RedBusTestcase.java:32)
at com.testcases.RedBusTestcase.quit(RedBusTestcase.java:32)
at com.testcases.RedBusTestcase.quit(RedBusTestcase.java:32)
at com.testcases.RedBusTestcase.quit(RedBusTestcase.java:32)
at com.testcases.RedBusTestcase.quit(RedBusTestcase.java:32)
at com.testcases.RedBusTestcase.quit(RedBusTestcase.java:32)
at com.testcases.RedBusTestcase.quit(RedBusTestcase.java:32)
at com.testcases.RedBusTestcase.quit(RedBusTestcase.java:32)
at com.testcases.RedBusTestcase.quit(RedBusTestcase.java:32)
at com.testcases.RedBusTestcase.quit(RedBusTestcase.java:32)
at com.testcases.RedBusTestcase.quit(RedBusTestcase.java:32)
at com.testcases.RedBusTestcase.quit(RedBusTestcase.java:32)
at com.testcases.RedBusTestcase.quit(RedBusTestcase.java:32)
at com.testcases.RedBusTestcase.quit(RedBusTestcase.java:32)
at com.testcases.RedBusTestcase.quit(RedBusTestcase.java:32)
at com.testcases.RedBusTestcase.quit(RedBusTestcase.java:32)
at com.testcases.RedBusTestcase.quit(RedBusTestcase.java:32)
at com.testcases.RedBusTestcase.quit(RedBusTestcase.java:32)
at com.testcases.RedBusTestcase.quit(RedBusTestcase.java:32)
at com.testcases.RedBusTestcase.quit(RedBusTestcase.java:32)
at com.testcases.RedBusTestcase.quit(RedBusTestcase.java:32)
at com.testcases.RedBusTestcase.quit(RedBusTestcase.java:32)
at com.testcases.RedBusTestcase.quit(RedBusTestcase.java:32)
at com.testcases.RedBusTestcase.quit(RedBusTestcase.java:32)
at com.testcases.RedBusTestcase.quit(RedBusTestcase.java:32)
at com.testcases.RedBusTestcase.quit(RedBusTestcase.java:32)
at com.testcases.RedBusTestcase.quit(RedBusTestcase.java:32)
at com.testcases.RedBusTestcase.quit(RedBusTestcase.java:32)
at com.testcases.RedBusTestcase.quit(RedBusTestcase.java:32)
at com.testcases.RedBusTestcase.quit(RedBusTestcase.java:32)
at com.testcases.RedBusTestcase.quit(RedBusTestcase.java:32)
at com.testcases.RedBusTestcase.quit(RedBusTestcase.java:32)
at com.testcases.RedBusTestcase.quit(RedBusTestcase.java:32)
at com.testcases.RedBusTestcase.quit(RedBusTestcase.java:32)
at com.testcases.RedBusTestcase.quit(RedBusTestcase.java:32)
at com.testcases.RedBusTestcase.quit(RedBusTestcase.java:32)
at com.testcases.RedBusTestcase.quit(RedBusTestcase.java:32)
at com.testcases.RedBusTestcase.quit(RedBusTestcase.java:32)
at com.testcases.RedBusTestcase.quit(RedBusTestcase.java:32)
at com.testcases.RedBusTestcase.quit(RedBusTestcase.java:32)
at com.testcases.RedBusTestcase.quit(RedBusTestcase.java:32)
at com.testcases.RedBusTestcase.quit(RedBusTestcase.java:32)
at com.testcases.RedBusTestcase.quit(RedBusTestcase.java:32)
at com.testcases.RedBusTestcase.quit(RedBusTestcase.java:32)
at com.testcases.RedBusTestcase.quit(RedBusTestcase.java:32)
at com.testcases.RedBusTestcase.quit(RedBusTestcase.java:32)
at com.testcases.RedBusTestcase.quit(RedBusTestcase.java:32)
at com.testcases.RedBusTestcase.quit(RedBusTestcase.java:32)
at com.testcases.RedBusTestcase.quit(RedBusTestcase.java:32)
at com.testcases.RedBusTestcase.quit(RedBusTestcase.java:32)
at com.testcases.RedBusTestcase.quit(RedBusTestcase.java:32)
at com.testcases.RedBusTestcase.quit(RedBusTestcase.java:32)
at com.testcases.RedBusTestcase.quit(RedBusTestcase.java:32)
at com.testcases.RedBusTestcase.quit(RedBusTestcase.java:32)
at com.testcases.RedBusTestcase.quit(RedBusTestcase.java:32)
at com.testcases.RedBusTestcase.quit(RedBusTestcase.java:32)
at com.testcases.RedBusTestcase.quit(RedBusTestcase.java:32)
at com.testcases.RedBusTestcase.quit(RedBusTestcase.java:32)
at com.testcases.RedBusTestcase.quit(RedBusTestcase.java:32)
at com.testcases.RedBusTestcase.quit(RedBusTestcase.java:32)
at com.testcases.RedBusTestcase.quit(RedBusTestcase.java:32)
at com.testcases.RedBusTestcase.quit(RedBusTestcase.java:32)
at com.testcases.RedBusTestcase.quit(RedBusTestcase.java:32)
at com.testcases.RedBusTestcase.quit(RedBusTestcase.java:32)
at com.testcases.RedBusTestcase.quit(RedBusTestcase.java:32)
at com.testcases.RedBusTestcase.quit(RedBusTestcase.java:32)
at com.testcases.RedBusTestcase.quit(RedBusTestcase.java:32)
at com.testcases.RedBusTestcase.quit(RedBusTestcase.java:32)
at com.testcases.RedBusTestcase.quit(RedBusTestcase.java:32)
at com.testcases.RedBusTestcase.quit(RedBusTestcase.java:32)
at com.testcases.RedBusTestcase.quit(RedBusTestcase.java:32)
at com.testcases.RedBusTestcase.quit(RedBusTestcase.java:32)
at com.testcases.RedBusTestcase.quit(RedBusTestcase.java:32)
at com.testcases.RedBusTestcase.quit(RedBusTestcase.java:32)
at com.testcases.RedBusTestcase.quit(RedBusTestcase.java:32)
at com.testcases.RedBusTestcase.quit(RedBusTestcase.java:32)
at com.testcases.RedBusTestcase.quit(RedBusTestcase.java:32)
at com.testcases.RedBusTestcase.quit(RedBusTestcase.java:32)
at com.testcases.RedBusTestcase.quit(RedBusTestcase.java:32)
at com.testcases.RedBusTestcase.quit(RedBusTestcase.java:32)
at com.testcases.RedBusTestcase.quit(RedBusTestcase.java:32)
at com.testcases.RedBusTestcase.quit(RedBusTestcase.java:32)
at com.testcases.RedBusTestcase.quit(RedBusTestcase.java:32)
at com.testcases.RedBusTestcase.quit(RedBusTestcase.java:32)
at com.testcases.RedBusTestcase.quit(RedBusTestcase.java:32)
at com.testcases.RedBusTestcase.quit(RedBusTestcase.java:32)
at com.testcases.RedBusTestcase.quit(RedBusTestcase.java:32)
at com.testcases.RedBusTestcase.quit(RedBusTestcase.java:32)
at com.testcases.RedBusTestcase.quit(RedBusTestcase.java:32)
at com.testcases.RedBusTestcase.quit(RedBusTestcase.java:32)
at com.testcases.RedBusTestcase.quit(RedBusTestcase.java:32)
at com.testcases.RedBusTestcase.quit(RedBusTestcase.java:32)
at com.testcases.RedBusTestcase.quit(RedBusTestcase.java:32)
at com.testcases.RedBusTestcase.quit(RedBusTestcase.java:32)
at com.testcases.RedBusTestcase.quit(RedBusTestcase.java:32)
at com.testcases.RedBusTestcase.quit(RedBusTestcase.java:32)
at com.testcases.RedBusTestcase.quit(RedBusTestcase.java:32)
at com.testcases.RedBusTestcase.quit(RedBusTestcase.java:32)
at com.testcases.RedBusTestcase.quit(RedBusTestcase.java:32)
at com.testcases.RedBusTestcase.quit(RedBusTestcase.java:32)
at com.testcases.RedBusTestcase.quit(RedBusTestcase.java:32)
at com.testcases.RedBusTestcase.quit(RedBusTestcase.java:32)
at com.testcases.RedBusTestcase.quit(RedBusTestcase.java:32)
at com.testcases.RedBusTestcase.quit(RedBusTestcase.java:32)
at com.testcases.RedBusTestcase.quit(RedBusTestcase.java:32)
at com.testcases.RedBusTestcase.quit(RedBusTestcase.java:32)
at com.testcases.RedBusTestcase.quit(RedBusTestcase.java:32)
at com.testcases.RedBusTestcase.quit(RedBusTestcase.java:32)
at com.testcases.RedBusTestcase.quit(RedBusTestcase.java:32)
at com.testcases.RedBusTestcase.quit(RedBusTestcase.java:32)
at com.testcases.RedBusTestcase.quit(RedBusTestcase.java:32)
at com.testcases.RedBusTestcase.quit(RedBusTestcase.java:32)
at com.testcases.RedBusTestcase.quit(RedBusTestcase.java:32)
at com.testcases.RedBusTestcase.quit(RedBusTestcase.java:32)
at com.testcases.RedBusTestcase.quit(RedBusTestcase.java:32)
at com.testcases.RedBusTestcase.quit(RedBusTestcase.java:32)
at com.testcases.RedBusTestcase.quit(RedBusTestcase.java:32)
at com.testcases.RedBusTestcase.quit(RedBusTestcase.java:32)
at com.testcases.RedBusTestcase.quit(RedBusTestcase.java:32)
at com.testcases.RedBusTestcase.quit(RedBusTestcase.java:32)
at com.testcases.RedBusTestcase.quit(RedBusTestcase.java:32)
at com.testcases.RedBusTestcase.quit(RedBusTestcase.java:32)
at com.testcases.RedBusTestcase.quit(RedBusTestcase.java:32)
at com.testcases.RedBusTestcase.quit(RedBusTestcase.java:32)
at com.testcases.RedBusTestcase.quit(RedBusTestcase.java:32)
at com.testcases.RedBusTestcase.quit(RedBusTestcase.java:32)
at com.testcases.RedBusTestcase.quit(RedBusTestcase.java:32)
at com.testcases.RedBusTestcase.quit(RedBusTestcase.java:32)
at com.testcases.RedBusTestcase.quit(RedBusTestcase.java:32)
at com.testcases.RedBusTestcase.quit(RedBusTestcase.java:32)
at com.testcases.RedBusTestcase.quit(RedBusTestcase.java:32)
at com.testcases.RedBusTestcase.quit(RedBusTestcase.java:32)
at com.testcases.RedBusTestcase.quit(RedBusTestcase.java:32)
at com.testcases.RedBusTestcase.quit(RedBusTestcase.java:32)
at com.testcases.RedBusTestcase.quit(RedBusTestcase.java:32)
at com.testcases.RedBusTestcase.quit(RedBusTestcase.java:32)
at com.testcases.RedBusTestcase.quit(RedBusTestcase.java:32)
at com.testcases.RedBusTestcase.quit(RedBusTestcase.java:32)
at com.testcases.RedBusTestcase.quit(RedBusTestcase.java:32)
at com.testcases.RedBusTestcase.quit(RedBusTestcase.java:32)
at com.testcases.RedBusTestcase.quit(RedBusTestcase.java:32)
at com.testcases.RedBusTestcase.quit(RedBusTestcase.java:32)
at com.testcases.RedBusTestcase.quit(RedBusTestcase.java:32)
at com.testcases.RedBusTestcase.quit(RedBusTestcase.java:32)
at com.testcases.RedBusTestcase.quit(RedBusTestcase.java:32)
at com.testcases.RedBusTestcase.quit(RedBusTestcase.java:32)
at com.testcases.RedBusTestcase.quit(RedBusTestcase.java:32)
at com.testcases.RedBusTestcase.quit(RedBusTestcase.java:32)
at com.testcases.RedBusTestcase.quit(RedBusTestcase.java:32)
at com.testcases.RedBusTestcase.quit(RedBusTestcase.java:32)
at com.testcases.RedBusTestcase.quit(RedBusTestcase.java:32)
at com.testcases.RedBusTestcase.quit(RedBusTestcase.java:32)
at com.testcases.RedBusTestcase.quit(RedBusTestcase.java:32)
at com.testcases.RedBusTestcase.quit(RedBusTestcase.java:32)
at com.testcases.RedBusTestcase.quit(RedBusTestcase.java:32)
at com.testcases.RedBusTestcase.quit(RedBusTestcase.java:32)
at com.testcases.RedBusTestcase.quit(RedBusTestcase.java:32)
at com.testcases.RedBusTestcase.quit(RedBusTestcase.java:32)
at com.testcases.RedBusTestcase.quit(RedBusTestcase.java:32)
at com.testcases.RedBusTestcase.quit(RedBusTestcase.java:32)
at com.testcases.RedBusTestcase.quit(RedBusTestcase.java:32)
at com.testcases.RedBusTestcase.quit(RedBusTestcase.java:32)
at com.testcases.RedBusTestcase.quit(RedBusTestcase.java:32)
at com.testcases.RedBusTestcase.quit(RedBusTestcase.java:32)
at com.testcases.RedBusTestcase.quit(RedBusTestcase.java:32)
at com.testcases.RedBusTestcase.quit(RedBusTestcase.java:32)
at com.testcases.RedBusTestcase.quit(RedBusTestcase.java:32)
at com.testcases.RedBusTestcase.quit(RedBusTestcase.java:32)
at com.testcases.RedBusTestcase.quit(RedBusTestcase.java:32)
at com.testcases.RedBusTestcase.quit(RedBusTestcase.java:32)
at com.testcases.RedBusTestcase.quit(RedBusTestcase.java:32)
at com.testcases.RedBusTestcase.quit(RedBusTestcase.java:32)
at com.testcases.RedBusTestcase.quit(RedBusTestcase.java:32)
at com.testcases.RedBusTestcase.quit(RedBusTestcase.java:32)
at com.testcases.RedBusTestcase.quit(RedBusTestcase.java:32)
at com.testcases.RedBusTestcase.quit(RedBusTestcase.java:32)
at com.testcases.RedBusTestcase.quit(RedBusTestcase.java:32)
at com.testcases.RedBusTestcase.quit(RedBusTestcase.java:32)
at com.testcases.RedBusTestcase.quit(RedBusTestcase.java:32)
at com.testcases.RedBusTestcase.quit(RedBusTestcase.java:32)
at com.testcases.RedBusTestcase.quit(RedBusTestcase.java:32)
at com.testcases.RedBusTestcase.quit(RedBusTestcase.java:32)
at com.testcases.RedBusTestcase.quit(RedBusTestcase.java:32)
at com.testcases.RedBusTestcase.quit(RedBusTestcase.java:32)
at com.testcases.RedBusTestcase.quit(RedBusTestcase.java:32)
at com.testcases.RedBusTestcase.quit(RedBusTestcase.java:32)
at com.testcases.RedBusTestcase.quit(RedBusTestcase.java:32)
at com.testcases.RedBusTestcase.quit(RedBusTestcase.java:32)
at com.testcases.RedBusTestcase.quit(RedBusTestcase.java:32)
at com.testcases.RedBusTestcase.quit(RedBusTestcase.java:32)
at com.testcases.RedBusTestcase.quit(RedBusTestcase.java:32)
at com.testcases.RedBusTestcase.quit(RedBusTestcase.java:32)
at com.testcases.RedBusTestcase.quit(RedBusTestcase.java:32)
at com.testcases.RedBusTestcase.quit(RedBusTestcase.java:32)
at com.testcases.RedBusTestcase.quit(RedBusTestcase.java:32)
at com.testcases.RedBusTestcase.quit(RedBusTestcase.java:32)
at com.testcases.RedBusTestcase.quit(RedBusTestcase.java:32)
at com.testcases.RedBusTestcase.quit(RedBusTestcase.java:32)
at com.testcases.RedBusTestcase.quit(RedBusTestcase.java:32)
at com.testcases.RedBusTestcase.quit(RedBusTestcase.java:32)
at com.testcases.RedBusTestcase.quit(RedBusTestcase.java:32)
at com.testcases.RedBusTestcase.quit(RedBusTestcase.java:32)
at com.testcases.RedBusTestcase.quit(RedBusTestcase.java:32)
at com.testcases.RedBusTestcase.quit(RedBusTestcase.java:32)
at com.testcases.RedBusTestcase.quit(RedBusTestcase.java:32)
at com.testcases.RedBusTestcase.quit(RedBusTestcase.java:32)
at com.testcases.RedBusTestcase.quit(RedBusTestcase.java:32)
at com.testcases.RedBusTestcase.quit(RedBusTestcase.java:32)
at com.testcases.RedBusTestcase.quit(RedBusTestcase.java:32)
at com.testcases.RedBusTestcase.quit(RedBusTestcase.java:32)
at com.testcases.RedBusTestcase.quit(RedBusTestcase.java:32)
at com.testcases.RedBusTestcase.quit(RedBusTestcase.java:32)
at com.testcases.RedBusTestcase.quit(RedBusTestcase.java:32)
at com.testcases.RedBusTestcase.quit(RedBusTestcase.java:32)
at com.testcases.RedBusTestcase.quit(RedBusTestcase.java:32)
at com.testcases.RedBusTestcase.quit(RedBusTestcase.java:32)
at com.testcases.RedBusTestcase.quit(RedBusTestcase.java:32)
at com.testcases.RedBusTestcase.quit(RedBusTestcase.java:32)
at com.testcases.RedBusTestcase.quit(RedBusTestcase.java:32)
at com.testcases.RedBusTestcase.quit(RedBusTestcase.java:32)
at com.testcases.RedBusTestcase.quit(RedBusTestcase.java:32)
at com.testcases.RedBusTestcase.quit(RedBusTestcase.java:32)
at com.testcases.RedBusTestcase.quit(RedBusTestcase.java:32)
at com.testcases.RedBusTestcase.quit(RedBusTestcase.java:32)
at com.testcases.RedBusTestcase.quit(RedBusTestcase.java:32)
at com.testcases.RedBusTestcase.quit(RedBusTestcase.java:32)
at com.testcases.RedBusTestcase.quit(RedBusTestcase.java:32)
at com.testcases.RedBusTestcase.quit(RedBusTestcase.java:32)
at com.testcases.RedBusTestcase.quit(RedBusTestcase.java:32)
at com.testcases.RedBusTestcase.quit(RedBusTestcase.java:32)
at com.testcases.RedBusTestcase.quit(RedBusTestcase.java:32)
at com.testcases.RedBusTestcase.quit(RedBusTestcase.java:32)
at com.testcases.RedBusTestcase.quit(RedBusTestcase.java:32)
at com.testcases.RedBusTestcase.quit(RedBusTestcase.java:32)
at com.testcases.RedBusTestcase.quit(RedBusTestcase.java:32)
at com.testcases.RedBusTestcase.quit(RedBusTestcase.java:32)
at com.testcases.RedBusTestcase.quit(RedBusTestcase.java:32)
at com.testcases.RedBusTestcase.quit(RedBusTestcase.java:32)
at com.testcases.RedBusTestcase.quit(RedBusTestcase.java:32)
at com.testcases.RedBusTestcase.quit(RedBusTestcase.java:32)
at com.testcases.RedBusTestcase.quit(RedBusTestcase.java:32)
at com.testcases.RedBusTestcase.quit(RedBusTestcase.java:32)
at com.testcases.RedBusTestcase.quit(RedBusTestcase.java:32)
at com.testcases.RedBusTestcase.quit(RedBusTestcase.java:32)
at com.testcases.RedBusTestcase.quit(RedBusTestcase.java:32)
at com.testcases.RedBusTestcase.quit(RedBusTestcase.java:32)
at com.testcases.RedBusTestcase.quit(RedBusTestcase.java:32)
at com.testcases.RedBusTestcase.quit(RedBusTestcase.java:32)
at com.testcases.RedBusTestcase.quit(RedBusTestcase.java:32)
at com.testcases.RedBusTestcase.quit(RedBusTestcase.java:32)
at com.testcases.RedBusTestcase.quit(RedBusTestcase.java:32)
at com.testcases.RedBusTestcase.quit(RedBusTestcase.java:32)
at com.testcases.RedBusTestcase.quit(RedBusTestcase.java:32)
at com.testcases.RedBusTestcase.quit(RedBusTestcase.java:32)
at com.testcases.RedBusTestcase.quit(RedBusTestcase.java:32)
at com.testcases.RedBusTestcase.quit(RedBusTestcase.java:32)
at com.testcases.RedBusTestcase.quit(RedBusTestcase.java:32)
at com.testcases.RedBusTestcase.quit(RedBusTestcase.java:32)
at com.testcases.RedBusTestcase.quit(RedBusTestcase.java:32)
at com.testcases.RedBusTestcase.quit(RedBusTestcase.java:32)
at com.testcases.RedBusTestcase.quit(RedBusTestcase.java:32)
at com.testcases.RedBusTestcase.quit(RedBusTestcase.java:32)
at com.testcases.RedBusTestcase.quit(RedBusTestcase.java:32)
at com.testcases.RedBusTestcase.quit(RedBusTestcase.java:32)
at com.testcases.RedBusTestcase.quit(RedBusTestcase.java:32)
at com.testcases.RedBusTestcase.quit(RedBusTestcase.java:32)
at com.testcases.RedBusTestcase.quit(RedBusTestcase.java:32)
at com.testcases.RedBusTestcase.quit(RedBusTestcase.java:32)
at com.testcases.RedBusTestcase.quit(RedBusTestcase.java:32)
at com.testcases.RedBusTestcase.quit(RedBusTestcase.java:32)
at com.testcases.RedBusTestcase.quit(RedBusTestcase.java:32)
at com.testcases.RedBusTestcase.quit(RedBusTestcase.java:32)
at com.testcases.RedBusTestcase.quit(RedBusTestcase.java:32)
at com.testcases.RedBusTestcase.quit(RedBusTestcase.java:32)
at com.testcases.RedBusTestcase.quit(RedBusTestcase.java:32)
at com.testcases.RedBusTestcase.quit(RedBusTestcase.java:32)
at com.testcases.RedBusTestcase.quit(RedBusTestcase.java:32)
at com.testcases.RedBusTestcase.quit(RedBusTestcase.java:32)
at com.testcases.RedBusTestcase.quit(RedBusTestcase.java:32)
at com.testcases.RedBusTestcase.quit(RedBusTestcase.java:32)
at com.testcases.RedBusTestcase.quit(RedBusTestcase.java:32)
at com.testcases.RedBusTestcase.quit(RedBusTestcase.java:32)
at com.testcases.RedBusTestcase.quit(RedBusTestcase.java:32)
at com.testcases.RedBusTestcase.quit(RedBusTestcase.java:32)
at com.testcases.RedBusTestcase.quit(RedBusTestcase.java:32)
at com.testcases.RedBusTestcase.quit(RedBusTestcase.java:32)
at com.testcases.RedBusTestcase.quit(RedBusTestcase.java:32)
at com.testcases.RedBusTestcase.quit(RedBusTestcase.java:32)
at com.testcases.RedBusTestcase.quit(RedBusTestcase.java:32)
at com.testcases.RedBusTestcase.quit(RedBusTestcase.java:32)
at com.testcases.RedBusTestcase.quit(RedBusTestcase.java:32)
at com.testcases.RedBusTestcase.quit(RedBusTestcase.java:32)
at com.testcases.RedBusTestcase.quit(RedBusTestcase.java:32)
at com.testcases.RedBusTestcase.quit(RedBusTestcase.java:32)
at com.testcases.RedBusTestcase.quit(RedBusTestcase.java:32)
at com.testcases.RedBusTestcase.quit(RedBusTestcase.java:32)
at com.testcases.RedBusTestcase.quit(RedBusTestcase.java:32)
at com.testcases.RedBusTestcase.quit(RedBusTestcase.java:32)
at com.testcases.RedBusTestcase.quit(RedBusTestcase.java:32)
at com.testcases.RedBusTestcase.quit(RedBusTestcase.java:32)
at com.testcases.RedBusTestcase.quit(RedBusTestcase.java:32)
at com.testcases.RedBusTestcase.quit(RedBusTestcase.java:32)
at com.testcases.RedBusTestcase.quit(RedBusTestcase.java:32)
at com.testcases.RedBusTestcase.quit(RedBusTestcase.java:32)
at com.testcases.RedBusTestcase.quit(RedBusTestcase.java:32)
at com.testcases.RedBusTestcase.quit(RedBusTestcase.java:32)
at com.testcases.RedBusTestcase.quit(RedBusTestcase.java:32)
at com.testcases.RedBusTestcase.quit(RedBusTestcase.java:32)
at com.testcases.RedBusTestcase.quit(RedBusTestcase.java:32)
at com.testcases.RedBusTestcase.quit(RedBusTestcase.java:32)
at com.testcases.RedBusTestcase.quit(RedBusTestcase.java:32)
at com.testcases.RedBusTestcase.quit(RedBusTestcase.java:32)
at com.testcases.RedBusTestcase.quit(RedBusTestcase.java:32)
at com.testcases.RedBusTestcase.quit(RedBusTestcase.java:32)
at com.testcases.RedBusTestcase.quit(RedBusTestcase.java:32)
at com.testcases.RedBusTestcase.quit(RedBusTestcase.java:32)
at com.testcases.RedBusTestcase.quit(RedBusTestcase.java:32)
at com.testcases.RedBusTestcase.quit(RedBusTestcase.java:32)
at com.testcases.RedBusTestcase.quit(RedBusTestcase.java:32)
at com.testcases.RedBusTestcase.quit(RedBusTestcase.java:32)
at com.testcases.RedBusTestcase.quit(RedBusTestcase.java:32)
at com.testcases.RedBusTestcase.quit(RedBusTestcase.java:32)
at com.testcases.RedBusTestcase.quit(RedBusTestcase.java:32)
at com.testcases.RedBusTestcase.quit(RedBusTestcase.java:32)
at com.testcases.RedBusTestcase.quit(RedBusTestcase.java:32)
at com.testcases.RedBusTestcase.quit(RedBusTestcase.java:32)
at com.testcases.RedBusTestcase.quit(RedBusTestcase.java:32)
at com.testcases.RedBusTestcase.quit(RedBusTestcase.java:32)
at com.testcases.RedBusTestcase.quit(RedBusTestcase.java:32)
at com.testcases.RedBusTestcase.quit(RedBusTestcase.java:32)
at com.testcases.RedBusTestcase.quit(RedBusTestcase.java:32)
at com.testcases.RedBusTestcase.quit(RedBusTestcase.java:32)
at com.testcases.RedBusTestcase.quit(RedBusTestcase.java:32)
at com.testcases.RedBusTestcase.quit(RedBusTestcase.java:32)
at com.testcases.RedBusTestcase.quit(RedBusTestcase.java:32)
at com.testcases.RedBusTestcase.quit(RedBusTestcase.java:32)
at com.testcases.RedBusTestcase.quit(RedBusTestcase.java:32)
at com.testcases.RedBusTestcase.quit(RedBusTestcase.java:32)
at com.testcases.RedBusTestcase.quit(RedBusTestcase.java:32)
at com.testcases.RedBusTestcase.quit(RedBusTestcase.java:32)
at com.testcases.RedBusTestcase.quit(RedBusTestcase.java:32)
at com.testcases.RedBusTestcase.quit(RedBusTestcase.java:32)
at com.testcases.RedBusTestcase.quit(RedBusTestcase.java:32)
at com.testcases.RedBusTestcase.quit(RedBusTestcase.java:32)
at com.testcases.RedBusTestcase.quit(RedBusTestcase.java:32)
at com.testcases.RedBusTestcase.quit(RedBusTestcase.java:32)
at com.testcases.RedBusTestcase.quit(RedBusTestcase.java:32)
at com.testcases.RedBusTestcase.quit(RedBusTestcase.java:32)
at com.testcases.RedBusTestcase.quit(RedBusTestcase.java:32)
at com.testcases.RedBusTestcase.quit(RedBusTestcase.java:32)
at com.testcases.RedBusTestcase.quit(RedBusTestcase.java:32)
at com.testcases.RedBusTestcase.quit(RedBusTestcase.java:32)
at com.testcases.RedBusTestcase.quit(RedBusTestcase.java:32)
at com.testcases.RedBusTestcase.quit(RedBusTestcase.java:32)
at com.testcases.RedBusTestcase.quit(RedBusTestcase.java:32)
at com.testcases.RedBusTestcase.quit(RedBusTestcase.java:32)
at com.testcases.RedBusTestcase.quit(RedBusTestcase.java:32)
at com.testcases.RedBusTestcase.quit(RedBusTestcase.java:32)
at com.testcases.RedBusTestcase.quit(RedBusTestcase.java:32)
at com.testcases.RedBusTestcase.quit(RedBusTestcase.java:32)
at com.testcases.RedBusTestcase.quit(RedBusTestcase.java:32)
at com.testcases.RedBusTestcase.quit(RedBusTestcase.java:32)
at com.testcases.RedBusTestcase.quit(RedBusTestcase.java:32)
at com.testcases.RedBusTestcase.quit(RedBusTestcase.java:32)
at com.testcases.RedBusTestcase.quit(RedBusTestcase.java:32)
at com.testcases.RedBusTestcase.quit(RedBusTestcase.java:32)
at com.testcases.RedBusTestcase.quit(RedBusTestcase.java:32)
at com.testcases.RedBusTestcase.quit(RedBusTestcase.java:32)
at com.testcases.RedBusTestcase.quit(RedBusTestcase.java:32)
at com.testcases.RedBusTestcase.quit(RedBusTestcase.java:32)
at com.testcases.RedBusTestcase.quit(RedBusTestcase.java:32)
at com.testcases.RedBusTestcase.quit(RedBusTestcase.java:32)
at com.testcases.RedBusTestcase.quit(RedBusTestcase.java:32)
at com.testcases.RedBusTestcase.quit(RedBusTestcase.java:32)
at com.testcases.RedBusTestcase.quit(RedBusTestcase.java:32)
at com.testcases.RedBusTestcase.quit(RedBusTestcase.java:32)
at com.testcases.RedBusTestcase.quit(RedBusTestcase.java:32)
at com.testcases.RedBusTestcase.quit(RedBusTestcase.java:32)
at com.testcases.RedBusTestcase.quit(RedBusTestcase.java:32)
at com.testcases.RedBusTestcase.quit(RedBusTestcase.java:32)
at com.testcases.RedBusTestcase.quit(RedBusTestcase.java:32)
at com.testcases.RedBusTestcase.quit(RedBusTestcase.java:32)
at com.testcases.RedBusTestcase.quit(RedBusTestcase.java:32)
at com.testcases.RedBusTestcase.quit(RedBusTestcase.java:32)
at com.testcases.RedBusTestcase.quit(RedBusTestcase.java:32)
at com.testcases.RedBusTestcase.quit(RedBusTestcase.java:32)
at com.testcases.RedBusTestcase.quit(RedBusTestcase.java:32)
at com.testcases.RedBusTestcase.quit(RedBusTestcase.java:32)
at com.testcases.RedBusTestcase.quit(RedBusTestcase.java:32)
at com.testcases.RedBusTestcase.quit(RedBusTestcase.java:32)
at com.testcases.RedBusTestcase.quit(RedBusTestcase.java:32)
at com.testcases.RedBusTestcase.quit(RedBusTestcase.java:32)
at com.testcases.RedBusTestcase.quit(RedBusTestcase.java:32)
at com.testcases.RedBusTestcase.quit(RedBusTestcase.java:32)
at com.testcases.RedBusTestcase.quit(RedBusTestcase.java:32)
at com.testcases.RedBusTestcase.quit(RedBusTestcase.java:32)
at com.testcases.RedBusTestcase.quit(RedBusTestcase.java:32)
at com.testcases.RedBusTestcase.quit(RedBusTestcase.java:32)
at com.testcases.RedBusTestcase.quit(RedBusTestcase.java:32)
at com.testcases.RedBusTestcase.quit(RedBusTestcase.java:32)
at com.testcases.RedBusTestcase.quit(RedBusTestcase.java:32)
at com.testcases.RedBusTestcase.quit(RedBusTestcase.java:32)
at com.testcases.RedBusTestcase.quit(RedBusTestcase.java:32)
at com.testcases.RedBusTestcase.quit(RedBusTestcase.java:32)
at com.testcases.RedBusTestcase.quit(RedBusTestcase.java:32)
at com.testcases.RedBusTestcase.quit(RedBusTestcase.java:32)
at com.testcases.RedBusTestcase.quit(RedBusTestcase.java:32)
at com.testcases.RedBusTestcase.quit(RedBusTestcase.java:32)
at com.testcases.RedBusTestcase.quit(RedBusTestcase.java:32)
at com.testcases.RedBusTestcase.quit(RedBusTestcase.java:32)
at com.testcases.RedBusTestcase.quit(RedBusTestcase.java:32)
at com.testcases.RedBusTestcase.quit(RedBusTestcase.java:32)
at com.testcases.RedBusTestcase.quit(RedBusTestcase.java:32)
at com.testcases.RedBusTestcase.quit(RedBusTestcase.java:32)
at com.testcases.RedBusTestcase.quit(RedBusTestcase.java:32)
at com.testcases.RedBusTestcase.quit(RedBusTestcase.java:32)
at com.testcases.RedBusTestcase.quit(RedBusTestcase.java:32)
at com.testcases.RedBusTestcase.quit(RedBusTestcase.java:32)
at com.testcases.RedBusTestcase.quit(RedBusTestcase.java:32)
at com.testcases.RedBusTestcase.quit(RedBusTestcase.java:32)
at com.testcases.RedBusTestcase.quit(RedBusTestcase.java:32)
at com.testcases.RedBusTestcase.quit(RedBusTestcase.java:32)
at com.testcases.RedBusTestcase.quit(RedBusTestcase.java:32)
at com.testcases.RedBusTestcase.quit(RedBusTestcase.java:32)
at com.testcases.RedBusTestcase.quit(RedBusTestcase.java:32)
at com.testcases.RedBusTestcase.quit(RedBusTestcase.java:32)
at com.testcases.RedBusTestcase.quit(RedBusTestcase.java:32)
at com.testcases.RedBusTestcase.quit(RedBusTestcase.java:32)
at com.testcases.RedBusTestcase.quit(RedBusTestcase.java:32)
at com.testcases.RedBusTestcase.quit(RedBusTestcase.java:32)
at com.testcases.RedBusTestcase.quit(RedBusTestcase.java:32)
at com.testcases.RedBusTestcase.quit(RedBusTestcase.java:32)
at com.testcases.RedBusTestcase.quit(RedBusTestcase.java:32)
at com.testcases.RedBusTestcase.quit(RedBusTestcase.java:32)
at com.testcases.RedBusTestcase.quit(RedBusTestcase.java:32)
at com.testcases.RedBusTestcase.quit(RedBusTestcase.java:32)
at com.testcases.RedBusTestcase.quit(RedBusTestcase.java:32)
at com.testcases.RedBusTestcase.quit(RedBusTestcase.java:32)
at com.testcases.RedBusTestcase.quit(RedBusTestcase.java:32)
at com.testcases.RedBusTestcase.quit(RedBusTestcase.java:32)
at com.testcases.RedBusTestcase.quit(RedBusTestcase.java:32)
at com.testcases.RedBusTestcase.quit(RedBusTestcase.java:32)
at com.testcases.RedBusTestcase.quit(RedBusTestcase.java:32)
at com.testcases.RedBusTestcase.quit(RedBusTestcase.java:32)
at com.testcases.RedBusTestcase.quit(RedBusTestcase.java:32)
at com.testcases.RedBusTestcase.quit(RedBusTestcase.java:32)
at com.testcases.RedBusTestcase.quit(RedBusTestcase.java:32)
at com.testcases.RedBusTestcase.quit(RedBusTestcase.java:32)
at com.testcases.RedBusTestcase.quit(RedBusTestcase.java:32)
at com.testcases.RedBusTestcase.quit(RedBusTestcase.java:32)
at com.testcases.RedBusTestcase.quit(RedBusTestcase.java:32)
at com.testcases.RedBusTestcase.quit(RedBusTestcase.java:32)
at com.testcases.RedBusTestcase.quit(RedBusTestcase.java:32)
at com.testcases.RedBusTestcase.quit(RedBusTestcase.java:32)
at com.testcases.RedBusTestcase.quit(RedBusTestcase.java:32)
at com.testcases.RedBusTestcase.quit(RedBusTestcase.java:32)
at com.testcases.RedBusTestcase.quit(RedBusTestcase.java:32)
at com.testcases.RedBusTestcase.quit(RedBusTestcase.java:32)
at com.testcases.RedBusTestcase.quit(RedBusTestcase.java:32)
at com.testcases.RedBusTestcase.quit(RedBusTestcase.java:32)
at com.testcases.RedBusTestcase.quit(RedBusTestcase.java:32)
at com.testcases.RedBusTestcase.quit(RedBusTestcase.java:32)
at com.testcases.RedBusTestcase.quit(RedBusTestcase.java:32)
at com.testcases.RedBusTestcase.quit(RedBusTestcase.java:32)
at com.testcases.RedBusTestcase.quit(RedBusTestcase.java:32)
at com.testcases.RedBusTestcase.quit(RedBusTestcase.java:32)
at com.testcases.RedBusTestcase.quit(RedBusTestcase.java:32)
at com.testcases.RedBusTestcase.quit(RedBusTestcase.java:32)
at com.testcases.RedBusTestcase.quit(RedBusTestcase.java:32)
at com.testcases.RedBusTestcase.quit(RedBusTestcase.java:32)
at com.testcases.RedBusTestcase.quit(RedBusTestcase.java:32)
at com.testcases.RedBusTestcase.quit(RedBusTestcase.java:32)
at com.testcases.RedBusTestcase.quit(RedBusTestcase.java:32)
at com.testcases.RedBusTestcase.quit(RedBusTestcase.java:32)
at com.testcases.RedBusTestcase.quit(RedBusTestcase.java:32)
at com.testcases.RedBusTestcase.quit(RedBusTestcase.java:32)
at com.testcases.RedBusTestcase.quit(RedBusTestcase.java:32)
at com.testcases.RedBusTestcase.quit(RedBusTestcase.java:32)
at com.testcases.RedBusTestcase.quit(RedBusTestcase.java:32)
at com.testcases.RedBusTestcase.quit(RedBusTestcase.java:32)
at com.testcases.RedBusTestcase.quit(RedBusTestcase.java:32)
at com.testcases.RedBusTestcase.quit(RedBusTestcase.java:32)
at com.testcases.RedBusTestcase.quit(RedBusTestcase.java:32)
at com.testcases.RedBusTestcase.quit(RedBusTestcase.java:32)
at com.testcases.RedBusTestcase.quit(RedBusTestcase.java:32)
at com.testcases.RedBusTestcase.quit(RedBusTestcase.java:32)
at com.testcases.RedBusTestcase.quit(RedBusTestcase.java:32)
at com.testcases.RedBusTestcase.quit(RedBusTestcase.java:32)
at com.testcases.RedBusTestcase.quit(RedBusTestcase.java:32)
at com.testcases.RedBusTestcase.quit(RedBusTestcase.java:32)
at com.testcases.RedBusTestcase.quit(RedBusTestcase.java:32)
at com.testcases.RedBusTestcase.quit(RedBusTestcase.java:32)
at com.testcases.RedBusTestcase.quit(RedBusTestcase.java:32)
at com.testcases.RedBusTestcase.quit(RedBusTestcase.java:32)
at com.testcases.RedBusTestcase.quit(RedBusTestcase.java:32)
at com.testcases.RedBusTestcase.quit(RedBusTestcase.java:32)
at com.testcases.RedBusTestcase.quit(RedBusTestcase.java:32)
at com.testcases.RedBusTestcase.quit(RedBusTestcase.java:32)
at com.testcases.RedBusTestcase.quit(RedBusTestcase.java:32)
at com.testcases.RedBusTestcase.quit(RedBusTestcase.java:32)
at com.testcases.RedBusTestcase.quit(RedBusTestcase.java:32)
at com.testcases.RedBusTestcase.quit(RedBusTestcase.java:32)
at com.testcases.RedBusTestcase.quit(RedBusTestcase.java:32)
at com.testcases.RedBusTestcase.quit(RedBusTestcase.java:32)
at com.testcases.RedBusTestcase.quit(RedBusTestcase.java:32)
at com.testcases.RedBusTestcase.quit(RedBusTestcase.java:32)
at com.testcases.RedBusTestcase.quit(RedBusTestcase.java:32)
at com.testcases.RedBusTestcase.quit(RedBusTestcase.java:32)
at com.testcases.RedBusTestcase.quit(RedBusTestcase.java:32)
at com.testcases.RedBusTestcase.quit(RedBusTestcase.java:32)
at com.testcases.RedBusTestcase.quit(RedBusTestcase.java:32)
at com.testcases.RedBusTestcase.quit(RedBusTestcase.java:32)
at com.testcases.RedBusTestcase.quit(RedBusTestcase.java:32)
at com.testcases.RedBusTestcase.quit(RedBusTestcase.java:32)
at com.testcases.RedBusTestcase.quit(RedBusTestcase.java:32)
at com.testcases.RedBusTestcase.quit(RedBusTestcase.java:32)
at com.testcases.RedBusTestcase.quit(RedBusTestcase.java:32)
at com.testcases.RedBusTestcase.quit(RedBusTestcase.java:32)
at com.testcases.RedBusTestcase.quit(RedBusTestcase.java:32)
at com.testcases.RedBusTestcase.quit(RedBusTestcase.java:32)
at com.testcases.RedBusTestcase.quit(RedBusTestcase.java:32)
at com.testcases.RedBusTestcase.quit(RedBusTestcase.java:32)
at com.testcases.RedBusTestcase.quit(RedBusTestcase.java:32)
at com.testcases.RedBusTestcase.quit(RedBusTestcase.java:32)
at com.testcases.RedBusTestcase.quit(RedBusTestcase.java:32)
at com.testcases.RedBusTestcase.quit(RedBusTestcase.java:32)
at com.testcases.RedBusTestcase.quit(RedBusTestcase.java:32)
at com.testcases.RedBusTestcase.quit(RedBusTestcase.java:32)
at com.testcases.RedBusTestcase.quit(RedBusTestcase.java:32)
at com.testcases.RedBusTestcase.quit(RedBusTestcase.java:32)
at com.testcases.RedBusTestcase.quit(RedBusTestcase.java:32)
at com.testcases.RedBusTestcase.quit(RedBusTestcase.java:32)
at com.testcases.RedBusTestcase.quit(RedBusTestcase.java:32)
at com.testcases.RedBusTestcase.quit(RedBusTestcase.java:32)
at com.testcases.RedBusTestcase.quit(RedBusTestcase.java:32)
at com.testcases.RedBusTestcase.quit(RedBusTestcase.java:32)
at com.testcases.RedBusTestcase.quit(RedBusTestcase.java:32)
at com.testcases.RedBusTestcase.quit(RedBusTestcase.java:32)
at com.testcases.RedBusTestcase.quit(RedBusTestcase.java:32)
at com.testcases.RedBusTestcase.quit(RedBusTestcase.java:32)
at com.testcases.RedBusTestcase.quit(RedBusTestcase.java:32)
at com.testcases.RedBusTestcase.quit(RedBusTestcase.java:32)
at com.testcases.RedBusTestcase.quit(RedBusTestcase.java:32)
at com.testcases.RedBusTestcase.quit(RedBusTestcase.java:32)
at com.testcases.RedBusTestcase.quit(RedBusTestcase.java:32)
at com.testcases.RedBusTestcase.quit(RedBusTestcase.java:32)
at com.testcases.RedBusTestcase.quit(RedBusTestcase.java:32)
at com.testcases.RedBusTestcase.quit(RedBusTestcase.java:32)
at com.testcases.RedBusTestcase.quit(RedBusTestcase.java:32)
at com.testcases.RedBusTestcase.quit(RedBusTestcase.java:32)
at com.testcases.RedBusTestcase.quit(RedBusTestcase.java:32)
at com.testcases.RedBusTestcase.quit(RedBusTestcase.java:32)
at com.testcases.RedBusTestcase.quit(RedBusTestcase.java:32)
at com.testcases.RedBusTestcase.quit(RedBusTestcase.java:32)
at com.testcases.RedBusTestcase.quit(RedBusTestcase.java:32)
at com.testcases.RedBusTestcase.quit(RedBusTestcase.java:32)
at com.testcases.RedBusTestcase.quit(RedBusTestcase.java:32)
at com.testcases.RedBusTestcase.quit(RedBusTestcase.java:32)
at com.testcases.RedBusTestcase.quit(RedBusTestcase.java:32)
at com.testcases.RedBusTestcase.quit(RedBusTestcase.java:32)
at com.testcases.RedBusTestcase.quit(RedBusTestcase.java:32)
at com.testcases.RedBusTestcase.quit(RedBusTestcase.java:32)
at com.testcases.RedBusTestcase.quit(RedBusTestcase.java:32)
at com.testcases.RedBusTestcase.quit(RedBusTestcase.java:32)
at com.testcases.RedBusTestcase.quit(RedBusTestcase.java:32)
at com.testcases.RedBusTestcase.quit(RedBusTestcase.java:32)
at com.testcases.RedBusTestcase.quit(RedBusTestcase.java:32)
at com.testcases.RedBusTestcase.quit(RedBusTestcase.java:32)
at com.testcases.RedBusTestcase.quit(RedBusTestcase.java:32)
at com.testcases.RedBusTestcase.quit(RedBusTestcase.java:32)
at com.testcases.RedBusTestcase.quit(RedBusTestcase.java:32)
at com.testcases.RedBusTestcase.quit(RedBusTestcase.java:32)
at com.testcases.RedBusTestcase.quit(RedBusTestcase.java:32)
at com.testcases.RedBusTestcase.quit(RedBusTestcase.java:32)
at com.testcases.RedBusTestcase.quit(RedBusTestcase.java:32)
at com.testcases.RedBusTestcase.quit(RedBusTestcase.java:32)
at com.testcases.RedBusTestcase.quit(RedBusTestcase.java:32)
at com.testcases.RedBusTestcase.quit(RedBusTestcase.java:32)
at com.testcases.RedBusTestcase.quit(RedBusTestcase.java:32)
at com.testcases.RedBusTestcase.quit(RedBusTestcase.java:32)
at com.testcases.RedBusTestcase.quit(RedBusTestcase.java:32)
at com.testcases.RedBusTestcase.quit(RedBusTestcase.java:32)
at com.testcases.RedBusTestcase.quit(RedBusTestcase.java:32)
at com.testcases.RedBusTestcase.quit(RedBusTestcase.java:32)
at com.testcases.RedBusTestcase.quit(RedBusTestcase.java:32)
at com.testcases.RedBusTestcase.quit(RedBusTestcase.java:32)
at com.testcases.RedBusTestcase.quit(RedBusTestcase.java:32)
at com.testcases.RedBusTestcase.quit(RedBusTestcase.java:32)
at com.testcases.RedBusTestcase.quit(RedBusTestcase.java:32)
at com.testcases.RedBusTestcase.quit(RedBusTestcase.java:32)
at com.testcases.RedBusTestcase.quit(RedBusTestcase.java:32)
at com.testcases.RedBusTestcase.quit(RedBusTestcase.java:32)
at com.testcases.RedBusTestcase.quit(RedBusTestcase.java:32)
at com.testcases.RedBusTestcase.quit(RedBusTestcase.java:32)
at com.testcases.RedBusTestcase.quit(RedBusTestcase.java:32)
at com.testcases.RedBusTestcase.quit(RedBusTestcase.java:32)
at com.testcases.RedBusTestcase.quit(RedBusTestcase.java:32)
at com.testcases.RedBusTestcase.quit(RedBusTestcase.java:32)
at com.testcases.RedBusTestcase.quit(RedBusTestcase.java:32)
at com.testcases.RedBusTestcase.quit(RedBusTestcase.java:32)
at com.testcases.RedBusTestcase.quit(RedBusTestcase.java:32)
at com.testcases.RedBusTestcase.quit(RedBusTestcase.java:32)
at com.testcases.RedBusTestcase.quit(RedBusTestcase.java:32)
at com.testcases.RedBusTestcase.quit(RedBusTestcase.java:32)
at com.testcases.RedBusTestcase.quit(RedBusTestcase.java:32)
at com.testcases.RedBusTestcase.quit(RedBusTestcase.java:32)
at com.testcases.RedBusTestcase.quit(RedBusTestcase.java:32)
at com.testcases.RedBusTestcase.quit(RedBusTestcase.java:32)
at com.testcases.RedBusTestcase.quit(RedBusTestcase.java:32)
at com.testcases.RedBusTestcase.quit(RedBusTestcase.java:32)
at com.testcases.RedBusTestcase.quit(RedBusTestcase.java:32)
at com.testcases.RedBusTestcase.quit(RedBusTestcase.java:32)
at com.testcases.RedBusTestcase.quit(RedBusTestcase.java:32)
at com.testcases.RedBusTestcase.quit(RedBusTestcase.java:32)
at com.testcases.RedBusTestcase.quit(RedBusTestcase.java:32)
at com.testcases.RedBusTestcase.quit(RedBusTestcase.java:32)
at com.testcases.RedBusTestcase.quit(RedBusTestcase.java:32)
at com.testcases.RedBusTestcase.quit(RedBusTestcase.java:32)
at com.testcases.RedBusTestcase.quit(RedBusTestcase.java:32)
at com.testcases.RedBusTestcase.quit(RedBusTestcase.java:32)
at com.testcases.RedBusTestcase.quit(RedBusTestcase.java:32)
at com.testcases.RedBusTestcase.quit(RedBusTestcase.java:32)
at com.testcases.RedBusTestcase.quit(RedBusTestcase.java:32)
at com.testcases.RedBusTestcase.quit(RedBusTestcase.java:32)
at com.testcases.RedBusTestcase.quit(RedBusTestcase.java:32)
at com.testcases.RedBusTestcase.quit(RedBusTestcase.java:32)
at com.testcases.RedBusTestcase.quit(RedBusTestcase.java:32)
at com.testcases.RedBusTestcase.quit(RedBusTestcase.java:32)
at com.testcases.RedBusTestcase.quit(RedBusTestcase.java:32)
at com.testcases.RedBusTestcase.quit(RedBusTestcase.java:32)
at com.testcases.RedBusTestcase.quit(RedBusTestcase.java:32)
at com.testcases.RedBusTestcase.quit(RedBusTestcase.java:32)
at com.testcases.RedBusTestcase.quit(RedBusTestcase.java:32)
at com.testcases.RedBusTestcase.quit(RedBusTestcase.java:32)
at com.testcases.RedBusTestcase.quit(RedBusTestcase.java:32)
at com.testcases.RedBusTestcase.quit(RedBusTestcase.java:32)
at com.testcases.RedBusTestcase.quit(RedBusTestcase.java:32)
at com.testcases.RedBusTestcase.quit(RedBusTestcase.java:32)
at com.testcases.RedBusTestcase.quit(RedBusTestcase.java:32)
at com.testcases.RedBusTestcase.quit(RedBusTestcase.java:32)
at com.testcases.RedBusTestcase.quit(RedBusTestcase.java:32)
at com.testcases.RedBusTestcase.quit(RedBusTestcase.java:32)
at com.testcases.RedBusTestcase.quit(RedBusTestcase.java:32)
at com.testcases.RedBusTestcase.quit(RedBusTestcase.java:32)
at com.testcases.RedBusTestcase.quit(RedBusTestcase.java:32)
at com.testcases.RedBusTestcase.quit(RedBusTestcase.java:32)
at com.testcases.RedBusTestcase.quit(RedBusTestcase.java:32)
at com.testcases.RedBusTestcase.quit(RedBusTestcase.java:32)
at com.testcases.RedBusTestcase.quit(RedBusTestcase.java:32)
at com.testcases.RedBusTestcase.quit(RedBusTestcase.java:32)
at com.testcases.RedBusTestcase.quit(RedBusTestcase.java:32)
at com.testcases.RedBusTestcase.quit(RedBusTestcase.java:32)
at com.testcases.RedBusTestcase.quit(RedBusTestcase.java:32)
at com.testcases.RedBusTestcase.quit(RedBusTestcase.java:32)
at com.testcases.RedBusTestcase.quit(RedBusTestcase.java:32)
at com.testcases.RedBusTestcase.quit(RedBusTestcase.java:32)
at com.testcases.RedBusTestcase.quit(RedBusTestcase.java:32)
at com.testcases.RedBusTestcase.quit(RedBusTestcase.java:32)
at com.testcases.RedBusTestcase.quit(RedBusTestcase.java:32)
at com.testcases.RedBusTestcase.quit(RedBusTestcase.java:32)
at com.testcases.RedBusTestcase.quit(RedBusTestcase.java:32)
at com.testcases.RedBusTestcase.quit(RedBusTestcase.java:32)
at com.testcases.RedBusTestcase.quit(RedBusTestcase.java:32)
at com.testcases.RedBusTestcase.quit(RedBusTestcase.java:32)
at com.testcases.RedBusTestcase.quit(RedBusTestcase.java:32)
at com.testcases.RedBusTestcase.quit(RedBusTestcase.java:32)
at com.testcases.RedBusTestcase.quit(RedBusTestcase.java:32)
at com.testcases.RedBusTestcase.quit(RedBusTestcase.java:32)
at com.testcases.RedBusTestcase.quit(RedBusTestcase.java:32)
at com.testcases.RedBusTestcase.quit(RedBusTestcase.java:32)
at com.testcases.RedBusTestcase.quit(RedBusTestcase.java:32)
at com.testcases.RedBusTestcase.quit(RedBusTestcase.java:32)
at com.testcases.RedBusTestcase.quit(RedBusTestcase.java:32)
at com.testcases.RedBusTestcase.quit(RedBusTestcase.java:32)
at com.testcases.RedBusTestcase.quit(RedBusTestcase.java:32)
at com.testcases.RedBusTestcase.quit(RedBusTestcase.java:32)
at com.testcases.RedBusTestcase.quit(RedBusTestcase.java:32)
at com.testcases.RedBusTestcase.quit(RedBusTestcase.java:32)
at com.testcases.RedBusTestcase.quit(RedBusTestcase.java:32)
at com.testcases.RedBusTestcase.quit(RedBusTestcase.java:32)
at com.testcases.RedBusTestcase.quit(RedBusTestcase.java:32)
at com.testcases.RedBusTestcase.quit(RedBusTestcase.java:32)
at com.testcases.RedBusTestcase.quit(RedBusTestcase.java:32)
at com.testcases.RedBusTestcase.quit(RedBusTestcase.java:32)
at com.testcases.RedBusTestcase.quit(RedBusTestcase.java:32)
at com.testcases.RedBusTestcase.quit(RedBusTestcase.java:32)
at com.testcases.RedBusTestcase.quit(RedBusTestcase.java:32)
at com.testcases.RedBusTestcase.quit(RedBusTestcase.java:32)
at com.testcases.RedBusTestcase.quit(RedBusTestcase.java:32)
at com.testcases.RedBusTestcase.quit(RedBusTestcase.java:32)
at com.testcases.RedBusTestcase.quit(RedBusTestcase.java:32)
at com.testcases.RedBusTestcase.quit(RedBusTestcase.java:32)
at com.testcases.RedBusTestcase.quit(RedBusTestcase.java:32)
at com.testcases.RedBusTestcase.quit(RedBusTestcase.java:32)
at com.testcases.RedBusTestcase.quit(RedBusTestcase.java:32)
at com.testcases.RedBusTestcase.quit(RedBusTestcase.java:32)
at com.testcases.RedBusTestcase.quit(RedBusTestcase.java:32)
at com.testcases.RedBusTestcase.quit(RedBusTestcase.java:32)
at com.testcases.RedBusTestcase.quit(RedBusTestcase.java:32)
at com.testcases.RedBusTestcase.quit(RedBusTestcase.java:32)
at com.testcases.RedBusTestcase.quit(RedBusTestcase.java:32)
at com.testcases.RedBusTestcase.quit(RedBusTestcase.java:32)
at com.testcases.RedBusTestcase.quit(RedBusTestcase.java:32)
at com.testcases.RedBusTestcase.quit(RedBusTestcase.java:32)
at com.testcases.RedBusTestcase.quit(RedBusTestcase.java:32)
at com.testcases.RedBusTestcase.quit(RedBusTestcase.java:32)
at com.testcases.RedBusTestcase.quit(RedBusTestcase.java:32)
at com.testcases.RedBusTestcase.quit(RedBusTestcase.java:32)
at com.testcases.RedBusTestcase.quit(RedBusTestcase.java:32)
at com.testcases.RedBusTestcase.quit(RedBusTestcase.java:32)
at com.testcases.RedBusTestcase.quit(RedBusTestcase.java:32)
at com.testcases.RedBusTestcase.quit(RedBusTestcase.java:32)
at com.testcases.RedBusTestcase.quit(RedBusTestcase.java:32)
at com.testcases.RedBusTestcase.quit(RedBusTestcase.java:32)
at com.testcases.RedBusTestcase.quit(RedBusTestcase.java:32)
at com.testcases.RedBusTestcase.quit(RedBusTestcase.java:32)
at com.testcases.RedBusTestcase.quit(RedBusTestcase.java:32)
at com.testcases.RedBusTestcase.quit(RedBusTestcase.java:32)
at com.testcases.RedBusTestcase.quit(RedBusTestcase.java:32)
at com.testcases.RedBusTestcase.quit(RedBusTestcase.java:32)
at com.testcases.RedBusTestcase.quit(RedBusTestcase.java:32)
at com.testcases.RedBusTestcase.quit(RedBusTestcase.java:32)
at com.testcases.RedBusTestcase.quit(RedBusTestcase.java:32)
at com.testcases.RedBusTestcase.quit(RedBusTestcase.java:32)
at com.testcases.RedBusTestcase.quit(RedBusTestcase.java:32)
at com.testcases.RedBusTestcase.quit(RedBusTestcase.java:32)
at com.testcases.RedBusTestcase.quit(RedBusTestcase.java:32)
at com.testcases.RedBusTestcase.quit(RedBusTestcase.java:32)
at com.testcases.RedBusTestcase.quit(RedBusTestcase.java:32)
at com.testcases.RedBusTestcase.quit(RedBusTestcase.java:32)
at com.testcases.RedBusTestcase.quit(RedBusTestcase.java:32)
at com.testcases.RedBusTestcase.quit(RedBusTestcase.java:32)
at com.testcases.RedBusTestcase.quit(RedBusTestcase.java:32)
at com.testcases.RedBusTestcase.quit(RedBusTestcase.java:32)
at com.testcases.RedBusTestcase.quit(RedBusTestcase.java:32)
at com.testcases.RedBusTestcase.quit(RedBusTestcase.java:32)
at com.testcases.RedBusTestcase.quit(RedBusTestcase.java:32)
at com.testcases.RedBusTestcase.quit(RedBusTestcase.java:32)
at com.testcases.RedBusTestcase.quit(RedBusTestcase.java:32)
at com.testcases.RedBusTestcase.quit(RedBusTestcase.java:32)
at com.testcases.RedBusTestcase.quit(RedBusTestcase.java:32)
at com.testcases.RedBusTestcase.quit(RedBusTestcase.java:32)
at com.testcases.RedBusTestcase.quit(RedBusTestcase.java:32)
at com.testcases.RedBusTestcase.quit(RedBusTestcase.java:32)
at com.testcases.RedBusTestcase.quit(RedBusTestcase.java:32)
at com.testcases.RedBusTestcase.quit(RedBusTestcase.java:32)
at com.testcases.RedBusTestcase.quit(RedBusTestcase.java:32)
at com.testcases.RedBusTestcase.quit(RedBusTestcase.java:32)
at com.testcases.RedBusTestcase.quit(RedBusTestcase.java:32)
at com.testcases.RedBusTestcase.quit(RedBusTestcase.java:32)
]]>
    </error>
  </testcase> <!-- quit -->
  <system-out/>
</testsuite> <!-- com.testcases.RedBusTestcase -->
