<?xml version="1.0" encoding="UTF-8"?>
<!-- Generated by org.testng.reporters.JUnitReportReporter -->
<testsuite hostname="DESKTOP-D3NLLGS" failures="0" tests="1" name="com.testcases.FbRegisterTestcase" time="3.235" errors="0" timestamp="2020-03-26T20:36:53 IST" skipped="0">
  <testcase classname="com.testcases.FbRegisterTestcase" name="register" time="3.235"/>
  <system-out/>
</testsuite> <!-- com.testcases.FbRegisterTestcase -->
