<?xml version="1.0" encoding="UTF-8"?>
<!-- Generated by org.testng.reporters.JUnitReportReporter -->
<testsuite hostname="DESKTOP-D3NLLGS" failures="0" tests="2" name="com.testcases.LoginTestcase" time="0.747" errors="1" timestamp="2020-03-26T20:02:34 IST" skipped="0">
  <testcase classname="com.testcases.LoginTestcase" name="login" time="0.740"/>
  <system-out/>
  <testcase classname="com.testcases.LoginTestcase" name="quit" time="0.007">
    <error type="java.lang.StackOverflowError">
      <![CDATA[java.lang.StackOverflowError
at com.testcases.LoginTestcase.quit(LoginTestcase.java:29)
at com.testcases.LoginTestcase.quit(LoginTestcase.java:29)
at com.testcases.LoginTestcase.quit(LoginTestcase.java:29)
at com.testcases.LoginTestcase.quit(LoginTestcase.java:29)
at com.testcases.LoginTestcase.quit(LoginTestcase.java:29)
at com.testcases.LoginTestcase.quit(LoginTestcase.java:29)
at com.testcases.LoginTestcase.quit(LoginTestcase.java:29)
at com.testcases.LoginTestcase.quit(LoginTestcase.java:29)
at com.testcases.LoginTestcase.quit(LoginTestcase.java:29)
at com.testcases.LoginTestcase.quit(LoginTestcase.java:29)
at com.testcases.LoginTestcase.quit(LoginTestcase.java:29)
at com.testcases.LoginTestcase.quit(LoginTestcase.java:29)
at com.testcases.LoginTestcase.quit(LoginTestcase.java:29)
at com.testcases.LoginTestcase.quit(LoginTestcase.java:29)
at com.testcases.LoginTestcase.quit(LoginTestcase.java:29)
at com.testcases.LoginTestcase.quit(LoginTestcase.java:29)
at com.testcases.LoginTestcase.quit(LoginTestcase.java:29)
at com.testcases.LoginTestcase.quit(LoginTestcase.java:29)
at com.testcases.LoginTestcase.quit(LoginTestcase.java:29)
at com.testcases.LoginTestcase.quit(LoginTestcase.java:29)
at com.testcases.LoginTestcase.quit(LoginTestcase.java:29)
at com.testcases.LoginTestcase.quit(LoginTestcase.java:29)
at com.testcases.LoginTestcase.quit(LoginTestcase.java:29)
at com.testcases.LoginTestcase.quit(LoginTestcase.java:29)
at com.testcases.LoginTestcase.quit(LoginTestcase.java:29)
at com.testcases.LoginTestcase.quit(LoginTestcase.java:29)
at com.testcases.LoginTestcase.quit(LoginTestcase.java:29)
at com.testcases.LoginTestcase.quit(LoginTestcase.java:29)
at com.testcases.LoginTestcase.quit(LoginTestcase.java:29)
at com.testcases.LoginTestcase.quit(LoginTestcase.java:29)
at com.testcases.LoginTestcase.quit(LoginTestcase.java:29)
at com.testcases.LoginTestcase.quit(LoginTestcase.java:29)
at com.testcases.LoginTestcase.quit(LoginTestcase.java:29)
at com.testcases.LoginTestcase.quit(LoginTestcase.java:29)
at com.testcases.LoginTestcase.quit(LoginTestcase.java:29)
at com.testcases.LoginTestcase.quit(LoginTestcase.java:29)
at com.testcases.LoginTestcase.quit(LoginTestcase.java:29)
at com.testcases.LoginTestcase.quit(LoginTestcase.java:29)
at com.testcases.LoginTestcase.quit(LoginTestcase.java:29)
at com.testcases.LoginTestcase.quit(LoginTestcase.java:29)
at com.testcases.LoginTestcase.quit(LoginTestcase.java:29)
at com.testcases.LoginTestcase.quit(LoginTestcase.java:29)
at com.testcases.LoginTestcase.quit(LoginTestcase.java:29)
at com.testcases.LoginTestcase.quit(LoginTestcase.java:29)
at com.testcases.LoginTestcase.quit(LoginTestcase.java:29)
at com.testcases.LoginTestcase.quit(LoginTestcase.java:29)
at com.testcases.LoginTestcase.quit(LoginTestcase.java:29)
at com.testcases.LoginTestcase.quit(LoginTestcase.java:29)
at com.testcases.LoginTestcase.quit(LoginTestcase.java:29)
at com.testcases.LoginTestcase.quit(LoginTestcase.java:29)
at com.testcases.LoginTestcase.quit(LoginTestcase.java:29)
at com.testcases.LoginTestcase.quit(LoginTestcase.java:29)
at com.testcases.LoginTestcase.quit(LoginTestcase.java:29)
at com.testcases.LoginTestcase.quit(LoginTestcase.java:29)
at com.testcases.LoginTestcase.quit(LoginTestcase.java:29)
at com.testcases.LoginTestcase.quit(LoginTestcase.java:29)
at com.testcases.LoginTestcase.quit(LoginTestcase.java:29)
at com.testcases.LoginTestcase.quit(LoginTestcase.java:29)
at com.testcases.LoginTestcase.quit(LoginTestcase.java:29)
at com.testcases.LoginTestcase.quit(LoginTestcase.java:29)
at com.testcases.LoginTestcase.quit(LoginTestcase.java:29)
at com.testcases.LoginTestcase.quit(LoginTestcase.java:29)
at com.testcases.LoginTestcase.quit(LoginTestcase.java:29)
at com.testcases.LoginTestcase.quit(LoginTestcase.java:29)
at com.testcases.LoginTestcase.quit(LoginTestcase.java:29)
at com.testcases.LoginTestcase.quit(LoginTestcase.java:29)
at com.testcases.LoginTestcase.quit(LoginTestcase.java:29)
at com.testcases.LoginTestcase.quit(LoginTestcase.java:29)
at com.testcases.LoginTestcase.quit(LoginTestcase.java:29)
at com.testcases.LoginTestcase.quit(LoginTestcase.java:29)
at com.testcases.LoginTestcase.quit(LoginTestcase.java:29)
at com.testcases.LoginTestcase.quit(LoginTestcase.java:29)
at com.testcases.LoginTestcase.quit(LoginTestcase.java:29)
at com.testcases.LoginTestcase.quit(LoginTestcase.java:29)
at com.testcases.LoginTestcase.quit(LoginTestcase.java:29)
at com.testcases.LoginTestcase.quit(LoginTestcase.java:29)
at com.testcases.LoginTestcase.quit(LoginTestcase.java:29)
at com.testcases.LoginTestcase.quit(LoginTestcase.java:29)
at com.testcases.LoginTestcase.quit(LoginTestcase.java:29)
at com.testcases.LoginTestcase.quit(LoginTestcase.java:29)
at com.testcases.LoginTestcase.quit(LoginTestcase.java:29)
at com.testcases.LoginTestcase.quit(LoginTestcase.java:29)
at com.testcases.LoginTestcase.quit(LoginTestcase.java:29)
at com.testcases.LoginTestcase.quit(LoginTestcase.java:29)
at com.testcases.LoginTestcase.quit(LoginTestcase.java:29)
at com.testcases.LoginTestcase.quit(LoginTestcase.java:29)
at com.testcases.LoginTestcase.quit(LoginTestcase.java:29)
at com.testcases.LoginTestcase.quit(LoginTestcase.java:29)
at com.testcases.LoginTestcase.quit(LoginTestcase.java:29)
at com.testcases.LoginTestcase.quit(LoginTestcase.java:29)
at com.testcases.LoginTestcase.quit(LoginTestcase.java:29)
at com.testcases.LoginTestcase.quit(LoginTestcase.java:29)
at com.testcases.LoginTestcase.quit(LoginTestcase.java:29)
at com.testcases.LoginTestcase.quit(LoginTestcase.java:29)
at com.testcases.LoginTestcase.quit(LoginTestcase.java:29)
at com.testcases.LoginTestcase.quit(LoginTestcase.java:29)
at com.testcases.LoginTestcase.quit(LoginTestcase.java:29)
at com.testcases.LoginTestcase.quit(LoginTestcase.java:29)
at com.testcases.LoginTestcase.quit(LoginTestcase.java:29)
at com.testcases.LoginTestcase.quit(LoginTestcase.java:29)
at com.testcases.LoginTestcase.quit(LoginTestcase.java:29)
at com.testcases.LoginTestcase.quit(LoginTestcase.java:29)
at com.testcases.LoginTestcase.quit(LoginTestcase.java:29)
at com.testcases.LoginTestcase.quit(LoginTestcase.java:29)
at com.testcases.LoginTestcase.quit(LoginTestcase.java:29)
at com.testcases.LoginTestcase.quit(LoginTestcase.java:29)
at com.testcases.LoginTestcase.quit(LoginTestcase.java:29)
at com.testcases.LoginTestcase.quit(LoginTestcase.java:29)
at com.testcases.LoginTestcase.quit(LoginTestcase.java:29)
at com.testcases.LoginTestcase.quit(LoginTestcase.java:29)
at com.testcases.LoginTestcase.quit(LoginTestcase.java:29)
at com.testcases.LoginTestcase.quit(LoginTestcase.java:29)
at com.testcases.LoginTestcase.quit(LoginTestcase.java:29)
at com.testcases.LoginTestcase.quit(LoginTestcase.java:29)
at com.testcases.LoginTestcase.quit(LoginTestcase.java:29)
at com.testcases.LoginTestcase.quit(LoginTestcase.java:29)
at com.testcases.LoginTestcase.quit(LoginTestcase.java:29)
at com.testcases.LoginTestcase.quit(LoginTestcase.java:29)
at com.testcases.LoginTestcase.quit(LoginTestcase.java:29)
at com.testcases.LoginTestcase.quit(LoginTestcase.java:29)
at com.testcases.LoginTestcase.quit(LoginTestcase.java:29)
at com.testcases.LoginTestcase.quit(LoginTestcase.java:29)
at com.testcases.LoginTestcase.quit(LoginTestcase.java:29)
at com.testcases.LoginTestcase.quit(LoginTestcase.java:29)
at com.testcases.LoginTestcase.quit(LoginTestcase.java:29)
at com.testcases.LoginTestcase.quit(LoginTestcase.java:29)
at com.testcases.LoginTestcase.quit(LoginTestcase.java:29)
at com.testcases.LoginTestcase.quit(LoginTestcase.java:29)
at com.testcases.LoginTestcase.quit(LoginTestcase.java:29)
at com.testcases.LoginTestcase.quit(LoginTestcase.java:29)
at com.testcases.LoginTestcase.quit(LoginTestcase.java:29)
at com.testcases.LoginTestcase.quit(LoginTestcase.java:29)
at com.testcases.LoginTestcase.quit(LoginTestcase.java:29)
at com.testcases.LoginTestcase.quit(LoginTestcase.java:29)
at com.testcases.LoginTestcase.quit(LoginTestcase.java:29)
at com.testcases.LoginTestcase.quit(LoginTestcase.java:29)
at com.testcases.LoginTestcase.quit(LoginTestcase.java:29)
at com.testcases.LoginTestcase.quit(LoginTestcase.java:29)
at com.testcases.LoginTestcase.quit(LoginTestcase.java:29)
at com.testcases.LoginTestcase.quit(LoginTestcase.java:29)
at com.testcases.LoginTestcase.quit(LoginTestcase.java:29)
at com.testcases.LoginTestcase.quit(LoginTestcase.java:29)
at com.testcases.LoginTestcase.quit(LoginTestcase.java:29)
at com.testcases.LoginTestcase.quit(LoginTestcase.java:29)
at com.testcases.LoginTestcase.quit(LoginTestcase.java:29)
at com.testcases.LoginTestcase.quit(LoginTestcase.java:29)
at com.testcases.LoginTestcase.quit(LoginTestcase.java:29)
at com.testcases.LoginTestcase.quit(LoginTestcase.java:29)
at com.testcases.LoginTestcase.quit(LoginTestcase.java:29)
at com.testcases.LoginTestcase.quit(LoginTestcase.java:29)
at com.testcases.LoginTestcase.quit(LoginTestcase.java:29)
at com.testcases.LoginTestcase.quit(LoginTestcase.java:29)
at com.testcases.LoginTestcase.quit(LoginTestcase.java:29)
at com.testcases.LoginTestcase.quit(LoginTestcase.java:29)
at com.testcases.LoginTestcase.quit(LoginTestcase.java:29)
at com.testcases.LoginTestcase.quit(LoginTestcase.java:29)
at com.testcases.LoginTestcase.quit(LoginTestcase.java:29)
at com.testcases.LoginTestcase.quit(LoginTestcase.java:29)
at com.testcases.LoginTestcase.quit(LoginTestcase.java:29)
at com.testcases.LoginTestcase.quit(LoginTestcase.java:29)
at com.testcases.LoginTestcase.quit(LoginTestcase.java:29)
at com.testcases.LoginTestcase.quit(LoginTestcase.java:29)
at com.testcases.LoginTestcase.quit(LoginTestcase.java:29)
at com.testcases.LoginTestcase.quit(LoginTestcase.java:29)
at com.testcases.LoginTestcase.quit(LoginTestcase.java:29)
at com.testcases.LoginTestcase.quit(LoginTestcase.java:29)
at com.testcases.LoginTestcase.quit(LoginTestcase.java:29)
at com.testcases.LoginTestcase.quit(LoginTestcase.java:29)
at com.testcases.LoginTestcase.quit(LoginTestcase.java:29)
at com.testcases.LoginTestcase.quit(LoginTestcase.java:29)
at com.testcases.LoginTestcase.quit(LoginTestcase.java:29)
at com.testcases.LoginTestcase.quit(LoginTestcase.java:29)
at com.testcases.LoginTestcase.quit(LoginTestcase.java:29)
at com.testcases.LoginTestcase.quit(LoginTestcase.java:29)
at com.testcases.LoginTestcase.quit(LoginTestcase.java:29)
at com.testcases.LoginTestcase.quit(LoginTestcase.java:29)
at com.testcases.LoginTestcase.quit(LoginTestcase.java:29)
at com.testcases.LoginTestcase.quit(LoginTestcase.java:29)
at com.testcases.LoginTestcase.quit(LoginTestcase.java:29)
at com.testcases.LoginTestcase.quit(LoginTestcase.java:29)
at com.testcases.LoginTestcase.quit(LoginTestcase.java:29)
at com.testcases.LoginTestcase.quit(LoginTestcase.java:29)
at com.testcases.LoginTestcase.quit(LoginTestcase.java:29)
at com.testcases.LoginTestcase.quit(LoginTestcase.java:29)
at com.testcases.LoginTestcase.quit(LoginTestcase.java:29)
at com.testcases.LoginTestcase.quit(LoginTestcase.java:29)
at com.testcases.LoginTestcase.quit(LoginTestcase.java:29)
at com.testcases.LoginTestcase.quit(LoginTestcase.java:29)
at com.testcases.LoginTestcase.quit(LoginTestcase.java:29)
at com.testcases.LoginTestcase.quit(LoginTestcase.java:29)
at com.testcases.LoginTestcase.quit(LoginTestcase.java:29)
at com.testcases.LoginTestcase.quit(LoginTestcase.java:29)
at com.testcases.LoginTestcase.quit(LoginTestcase.java:29)
at com.testcases.LoginTestcase.quit(LoginTestcase.java:29)
at com.testcases.LoginTestcase.quit(LoginTestcase.java:29)
at com.testcases.LoginTestcase.quit(LoginTestcase.java:29)
at com.testcases.LoginTestcase.quit(LoginTestcase.java:29)
at com.testcases.LoginTestcase.quit(LoginTestcase.java:29)
at com.testcases.LoginTestcase.quit(LoginTestcase.java:29)
at com.testcases.LoginTestcase.quit(LoginTestcase.java:29)
at com.testcases.LoginTestcase.quit(LoginTestcase.java:29)
at com.testcases.LoginTestcase.quit(LoginTestcase.java:29)
at com.testcases.LoginTestcase.quit(LoginTestcase.java:29)
at com.testcases.LoginTestcase.quit(LoginTestcase.java:29)
at com.testcases.LoginTestcase.quit(LoginTestcase.java:29)
at com.testcases.LoginTestcase.quit(LoginTestcase.java:29)
at com.testcases.LoginTestcase.quit(LoginTestcase.java:29)
at com.testcases.LoginTestcase.quit(LoginTestcase.java:29)
at com.testcases.LoginTestcase.quit(LoginTestcase.java:29)
at com.testcases.LoginTestcase.quit(LoginTestcase.java:29)
at com.testcases.LoginTestcase.quit(LoginTestcase.java:29)
at com.testcases.LoginTestcase.quit(LoginTestcase.java:29)
at com.testcases.LoginTestcase.quit(LoginTestcase.java:29)
at com.testcases.LoginTestcase.quit(LoginTestcase.java:29)
at com.testcases.LoginTestcase.quit(LoginTestcase.java:29)
at com.testcases.LoginTestcase.quit(LoginTestcase.java:29)
at com.testcases.LoginTestcase.quit(LoginTestcase.java:29)
at com.testcases.LoginTestcase.quit(LoginTestcase.java:29)
at com.testcases.LoginTestcase.quit(LoginTestcase.java:29)
at com.testcases.LoginTestcase.quit(LoginTestcase.java:29)
at com.testcases.LoginTestcase.quit(LoginTestcase.java:29)
at com.testcases.LoginTestcase.quit(LoginTestcase.java:29)
at com.testcases.LoginTestcase.quit(LoginTestcase.java:29)
at com.testcases.LoginTestcase.quit(LoginTestcase.java:29)
at com.testcases.LoginTestcase.quit(LoginTestcase.java:29)
at com.testcases.LoginTestcase.quit(LoginTestcase.java:29)
at com.testcases.LoginTestcase.quit(LoginTestcase.java:29)
at com.testcases.LoginTestcase.quit(LoginTestcase.java:29)
at com.testcases.LoginTestcase.quit(LoginTestcase.java:29)
at com.testcases.LoginTestcase.quit(LoginTestcase.java:29)
at com.testcases.LoginTestcase.quit(LoginTestcase.java:29)
at com.testcases.LoginTestcase.quit(LoginTestcase.java:29)
at com.testcases.LoginTestcase.quit(LoginTestcase.java:29)
at com.testcases.LoginTestcase.quit(LoginTestcase.java:29)
at com.testcases.LoginTestcase.quit(LoginTestcase.java:29)
at com.testcases.LoginTestcase.quit(LoginTestcase.java:29)
at com.testcases.LoginTestcase.quit(LoginTestcase.java:29)
at com.testcases.LoginTestcase.quit(LoginTestcase.java:29)
at com.testcases.LoginTestcase.quit(LoginTestcase.java:29)
at com.testcases.LoginTestcase.quit(LoginTestcase.java:29)
at com.testcases.LoginTestcase.quit(LoginTestcase.java:29)
at com.testcases.LoginTestcase.quit(LoginTestcase.java:29)
at com.testcases.LoginTestcase.quit(LoginTestcase.java:29)
at com.testcases.LoginTestcase.quit(LoginTestcase.java:29)
at com.testcases.LoginTestcase.quit(LoginTestcase.java:29)
at com.testcases.LoginTestcase.quit(LoginTestcase.java:29)
at com.testcases.LoginTestcase.quit(LoginTestcase.java:29)
at com.testcases.LoginTestcase.quit(LoginTestcase.java:29)
at com.testcases.LoginTestcase.quit(LoginTestcase.java:29)
at com.testcases.LoginTestcase.quit(LoginTestcase.java:29)
at com.testcases.LoginTestcase.quit(LoginTestcase.java:29)
at com.testcases.LoginTestcase.quit(LoginTestcase.java:29)
at com.testcases.LoginTestcase.quit(LoginTestcase.java:29)
at com.testcases.LoginTestcase.quit(LoginTestcase.java:29)
at com.testcases.LoginTestcase.quit(LoginTestcase.java:29)
at com.testcases.LoginTestcase.quit(LoginTestcase.java:29)
at com.testcases.LoginTestcase.quit(LoginTestcase.java:29)
at com.testcases.LoginTestcase.quit(LoginTestcase.java:29)
at com.testcases.LoginTestcase.quit(LoginTestcase.java:29)
at com.testcases.LoginTestcase.quit(LoginTestcase.java:29)
at com.testcases.LoginTestcase.quit(LoginTestcase.java:29)
at com.testcases.LoginTestcase.quit(LoginTestcase.java:29)
at com.testcases.LoginTestcase.quit(LoginTestcase.java:29)
at com.testcases.LoginTestcase.quit(LoginTestcase.java:29)
at com.testcases.LoginTestcase.quit(LoginTestcase.java:29)
at com.testcases.LoginTestcase.quit(LoginTestcase.java:29)
at com.testcases.LoginTestcase.quit(LoginTestcase.java:29)
at com.testcases.LoginTestcase.quit(LoginTestcase.java:29)
at com.testcases.LoginTestcase.quit(LoginTestcase.java:29)
at com.testcases.LoginTestcase.quit(LoginTestcase.java:29)
at com.testcases.LoginTestcase.quit(LoginTestcase.java:29)
at com.testcases.LoginTestcase.quit(LoginTestcase.java:29)
at com.testcases.LoginTestcase.quit(LoginTestcase.java:29)
at com.testcases.LoginTestcase.quit(LoginTestcase.java:29)
at com.testcases.LoginTestcase.quit(LoginTestcase.java:29)
at com.testcases.LoginTestcase.quit(LoginTestcase.java:29)
at com.testcases.LoginTestcase.quit(LoginTestcase.java:29)
at com.testcases.LoginTestcase.quit(LoginTestcase.java:29)
at com.testcases.LoginTestcase.quit(LoginTestcase.java:29)
at com.testcases.LoginTestcase.quit(LoginTestcase.java:29)
at com.testcases.LoginTestcase.quit(LoginTestcase.java:29)
at com.testcases.LoginTestcase.quit(LoginTestcase.java:29)
at com.testcases.LoginTestcase.quit(LoginTestcase.java:29)
at com.testcases.LoginTestcase.quit(LoginTestcase.java:29)
at com.testcases.LoginTestcase.quit(LoginTestcase.java:29)
at com.testcases.LoginTestcase.quit(LoginTestcase.java:29)
at com.testcases.LoginTestcase.quit(LoginTestcase.java:29)
at com.testcases.LoginTestcase.quit(LoginTestcase.java:29)
at com.testcases.LoginTestcase.quit(LoginTestcase.java:29)
at com.testcases.LoginTestcase.quit(LoginTestcase.java:29)
at com.testcases.LoginTestcase.quit(LoginTestcase.java:29)
at com.testcases.LoginTestcase.quit(LoginTestcase.java:29)
at com.testcases.LoginTestcase.quit(LoginTestcase.java:29)
at com.testcases.LoginTestcase.quit(LoginTestcase.java:29)
at com.testcases.LoginTestcase.quit(LoginTestcase.java:29)
at com.testcases.LoginTestcase.quit(LoginTestcase.java:29)
at com.testcases.LoginTestcase.quit(LoginTestcase.java:29)
at com.testcases.LoginTestcase.quit(LoginTestcase.java:29)
at com.testcases.LoginTestcase.quit(LoginTestcase.java:29)
at com.testcases.LoginTestcase.quit(LoginTestcase.java:29)
at com.testcases.LoginTestcase.quit(LoginTestcase.java:29)
at com.testcases.LoginTestcase.quit(LoginTestcase.java:29)
at com.testcases.LoginTestcase.quit(LoginTestcase.java:29)
at com.testcases.LoginTestcase.quit(LoginTestcase.java:29)
at com.testcases.LoginTestcase.quit(LoginTestcase.java:29)
at com.testcases.LoginTestcase.quit(LoginTestcase.java:29)
at com.testcases.LoginTestcase.quit(LoginTestcase.java:29)
at com.testcases.LoginTestcase.quit(LoginTestcase.java:29)
at com.testcases.LoginTestcase.quit(LoginTestcase.java:29)
at com.testcases.LoginTestcase.quit(LoginTestcase.java:29)
at com.testcases.LoginTestcase.quit(LoginTestcase.java:29)
at com.testcases.LoginTestcase.quit(LoginTestcase.java:29)
at com.testcases.LoginTestcase.quit(LoginTestcase.java:29)
at com.testcases.LoginTestcase.quit(LoginTestcase.java:29)
at com.testcases.LoginTestcase.quit(LoginTestcase.java:29)
at com.testcases.LoginTestcase.quit(LoginTestcase.java:29)
at com.testcases.LoginTestcase.quit(LoginTestcase.java:29)
at com.testcases.LoginTestcase.quit(LoginTestcase.java:29)
at com.testcases.LoginTestcase.quit(LoginTestcase.java:29)
at com.testcases.LoginTestcase.quit(LoginTestcase.java:29)
at com.testcases.LoginTestcase.quit(LoginTestcase.java:29)
at com.testcases.LoginTestcase.quit(LoginTestcase.java:29)
at com.testcases.LoginTestcase.quit(LoginTestcase.java:29)
at com.testcases.LoginTestcase.quit(LoginTestcase.java:29)
at com.testcases.LoginTestcase.quit(LoginTestcase.java:29)
at com.testcases.LoginTestcase.quit(LoginTestcase.java:29)
at com.testcases.LoginTestcase.quit(LoginTestcase.java:29)
at com.testcases.LoginTestcase.quit(LoginTestcase.java:29)
at com.testcases.LoginTestcase.quit(LoginTestcase.java:29)
at com.testcases.LoginTestcase.quit(LoginTestcase.java:29)
at com.testcases.LoginTestcase.quit(LoginTestcase.java:29)
at com.testcases.LoginTestcase.quit(LoginTestcase.java:29)
at com.testcases.LoginTestcase.quit(LoginTestcase.java:29)
at com.testcases.LoginTestcase.quit(LoginTestcase.java:29)
at com.testcases.LoginTestcase.quit(LoginTestcase.java:29)
at com.testcases.LoginTestcase.quit(LoginTestcase.java:29)
at com.testcases.LoginTestcase.quit(LoginTestcase.java:29)
at com.testcases.LoginTestcase.quit(LoginTestcase.java:29)
at com.testcases.LoginTestcase.quit(LoginTestcase.java:29)
at com.testcases.LoginTestcase.quit(LoginTestcase.java:29)
at com.testcases.LoginTestcase.quit(LoginTestcase.java:29)
at com.testcases.LoginTestcase.quit(LoginTestcase.java:29)
at com.testcases.LoginTestcase.quit(LoginTestcase.java:29)
at com.testcases.LoginTestcase.quit(LoginTestcase.java:29)
at com.testcases.LoginTestcase.quit(LoginTestcase.java:29)
at com.testcases.LoginTestcase.quit(LoginTestcase.java:29)
at com.testcases.LoginTestcase.quit(LoginTestcase.java:29)
at com.testcases.LoginTestcase.quit(LoginTestcase.java:29)
at com.testcases.LoginTestcase.quit(LoginTestcase.java:29)
at com.testcases.LoginTestcase.quit(LoginTestcase.java:29)
at com.testcases.LoginTestcase.quit(LoginTestcase.java:29)
at com.testcases.LoginTestcase.quit(LoginTestcase.java:29)
at com.testcases.LoginTestcase.quit(LoginTestcase.java:29)
at com.testcases.LoginTestcase.quit(LoginTestcase.java:29)
at com.testcases.LoginTestcase.quit(LoginTestcase.java:29)
at com.testcases.LoginTestcase.quit(LoginTestcase.java:29)
at com.testcases.LoginTestcase.quit(LoginTestcase.java:29)
at com.testcases.LoginTestcase.quit(LoginTestcase.java:29)
at com.testcases.LoginTestcase.quit(LoginTestcase.java:29)
at com.testcases.LoginTestcase.quit(LoginTestcase.java:29)
at com.testcases.LoginTestcase.quit(LoginTestcase.java:29)
at com.testcases.LoginTestcase.quit(LoginTestcase.java:29)
at com.testcases.LoginTestcase.quit(LoginTestcase.java:29)
at com.testcases.LoginTestcase.quit(LoginTestcase.java:29)
at com.testcases.LoginTestcase.quit(LoginTestcase.java:29)
at com.testcases.LoginTestcase.quit(LoginTestcase.java:29)
at com.testcases.LoginTestcase.quit(LoginTestcase.java:29)
at com.testcases.LoginTestcase.quit(LoginTestcase.java:29)
at com.testcases.LoginTestcase.quit(LoginTestcase.java:29)
at com.testcases.LoginTestcase.quit(LoginTestcase.java:29)
at com.testcases.LoginTestcase.quit(LoginTestcase.java:29)
at com.testcases.LoginTestcase.quit(LoginTestcase.java:29)
at com.testcases.LoginTestcase.quit(LoginTestcase.java:29)
at com.testcases.LoginTestcase.quit(LoginTestcase.java:29)
at com.testcases.LoginTestcase.quit(LoginTestcase.java:29)
at com.testcases.LoginTestcase.quit(LoginTestcase.java:29)
at com.testcases.LoginTestcase.quit(LoginTestcase.java:29)
at com.testcases.LoginTestcase.quit(LoginTestcase.java:29)
at com.testcases.LoginTestcase.quit(LoginTestcase.java:29)
at com.testcases.LoginTestcase.quit(LoginTestcase.java:29)
at com.testcases.LoginTestcase.quit(LoginTestcase.java:29)
at com.testcases.LoginTestcase.quit(LoginTestcase.java:29)
at com.testcases.LoginTestcase.quit(LoginTestcase.java:29)
at com.testcases.LoginTestcase.quit(LoginTestcase.java:29)
at com.testcases.LoginTestcase.quit(LoginTestcase.java:29)
at com.testcases.LoginTestcase.quit(LoginTestcase.java:29)
at com.testcases.LoginTestcase.quit(LoginTestcase.java:29)
at com.testcases.LoginTestcase.quit(LoginTestcase.java:29)
at com.testcases.LoginTestcase.quit(LoginTestcase.java:29)
at com.testcases.LoginTestcase.quit(LoginTestcase.java:29)
at com.testcases.LoginTestcase.quit(LoginTestcase.java:29)
at com.testcases.LoginTestcase.quit(LoginTestcase.java:29)
at com.testcases.LoginTestcase.quit(LoginTestcase.java:29)
at com.testcases.LoginTestcase.quit(LoginTestcase.java:29)
at com.testcases.LoginTestcase.quit(LoginTestcase.java:29)
at com.testcases.LoginTestcase.quit(LoginTestcase.java:29)
at com.testcases.LoginTestcase.quit(LoginTestcase.java:29)
at com.testcases.LoginTestcase.quit(LoginTestcase.java:29)
at com.testcases.LoginTestcase.quit(LoginTestcase.java:29)
at com.testcases.LoginTestcase.quit(LoginTestcase.java:29)
at com.testcases.LoginTestcase.quit(LoginTestcase.java:29)
at com.testcases.LoginTestcase.quit(LoginTestcase.java:29)
at com.testcases.LoginTestcase.quit(LoginTestcase.java:29)
at com.testcases.LoginTestcase.quit(LoginTestcase.java:29)
at com.testcases.LoginTestcase.quit(LoginTestcase.java:29)
at com.testcases.LoginTestcase.quit(LoginTestcase.java:29)
at com.testcases.LoginTestcase.quit(LoginTestcase.java:29)
at com.testcases.LoginTestcase.quit(LoginTestcase.java:29)
at com.testcases.LoginTestcase.quit(LoginTestcase.java:29)
at com.testcases.LoginTestcase.quit(LoginTestcase.java:29)
at com.testcases.LoginTestcase.quit(LoginTestcase.java:29)
at com.testcases.LoginTestcase.quit(LoginTestcase.java:29)
at com.testcases.LoginTestcase.quit(LoginTestcase.java:29)
at com.testcases.LoginTestcase.quit(LoginTestcase.java:29)
at com.testcases.LoginTestcase.quit(LoginTestcase.java:29)
at com.testcases.LoginTestcase.quit(LoginTestcase.java:29)
at com.testcases.LoginTestcase.quit(LoginTestcase.java:29)
at com.testcases.LoginTestcase.quit(LoginTestcase.java:29)
at com.testcases.LoginTestcase.quit(LoginTestcase.java:29)
at com.testcases.LoginTestcase.quit(LoginTestcase.java:29)
at com.testcases.LoginTestcase.quit(LoginTestcase.java:29)
at com.testcases.LoginTestcase.quit(LoginTestcase.java:29)
at com.testcases.LoginTestcase.quit(LoginTestcase.java:29)
at com.testcases.LoginTestcase.quit(LoginTestcase.java:29)
at com.testcases.LoginTestcase.quit(LoginTestcase.java:29)
at com.testcases.LoginTestcase.quit(LoginTestcase.java:29)
at com.testcases.LoginTestcase.quit(LoginTestcase.java:29)
at com.testcases.LoginTestcase.quit(LoginTestcase.java:29)
at com.testcases.LoginTestcase.quit(LoginTestcase.java:29)
at com.testcases.LoginTestcase.quit(LoginTestcase.java:29)
at com.testcases.LoginTestcase.quit(LoginTestcase.java:29)
at com.testcases.LoginTestcase.quit(LoginTestcase.java:29)
at com.testcases.LoginTestcase.quit(LoginTestcase.java:29)
at com.testcases.LoginTestcase.quit(LoginTestcase.java:29)
at com.testcases.LoginTestcase.quit(LoginTestcase.java:29)
at com.testcases.LoginTestcase.quit(LoginTestcase.java:29)
at com.testcases.LoginTestcase.quit(LoginTestcase.java:29)
at com.testcases.LoginTestcase.quit(LoginTestcase.java:29)
at com.testcases.LoginTestcase.quit(LoginTestcase.java:29)
at com.testcases.LoginTestcase.quit(LoginTestcase.java:29)
at com.testcases.LoginTestcase.quit(LoginTestcase.java:29)
at com.testcases.LoginTestcase.quit(LoginTestcase.java:29)
at com.testcases.LoginTestcase.quit(LoginTestcase.java:29)
at com.testcases.LoginTestcase.quit(LoginTestcase.java:29)
at com.testcases.LoginTestcase.quit(LoginTestcase.java:29)
at com.testcases.LoginTestcase.quit(LoginTestcase.java:29)
at com.testcases.LoginTestcase.quit(LoginTestcase.java:29)
at com.testcases.LoginTestcase.quit(LoginTestcase.java:29)
at com.testcases.LoginTestcase.quit(LoginTestcase.java:29)
at com.testcases.LoginTestcase.quit(LoginTestcase.java:29)
at com.testcases.LoginTestcase.quit(LoginTestcase.java:29)
at com.testcases.LoginTestcase.quit(LoginTestcase.java:29)
at com.testcases.LoginTestcase.quit(LoginTestcase.java:29)
at com.testcases.LoginTestcase.quit(LoginTestcase.java:29)
at com.testcases.LoginTestcase.quit(LoginTestcase.java:29)
at com.testcases.LoginTestcase.quit(LoginTestcase.java:29)
at com.testcases.LoginTestcase.quit(LoginTestcase.java:29)
at com.testcases.LoginTestcase.quit(LoginTestcase.java:29)
at com.testcases.LoginTestcase.quit(LoginTestcase.java:29)
at com.testcases.LoginTestcase.quit(LoginTestcase.java:29)
at com.testcases.LoginTestcase.quit(LoginTestcase.java:29)
at com.testcases.LoginTestcase.quit(LoginTestcase.java:29)
at com.testcases.LoginTestcase.quit(LoginTestcase.java:29)
at com.testcases.LoginTestcase.quit(LoginTestcase.java:29)
at com.testcases.LoginTestcase.quit(LoginTestcase.java:29)
at com.testcases.LoginTestcase.quit(LoginTestcase.java:29)
at com.testcases.LoginTestcase.quit(LoginTestcase.java:29)
at com.testcases.LoginTestcase.quit(LoginTestcase.java:29)
at com.testcases.LoginTestcase.quit(LoginTestcase.java:29)
at com.testcases.LoginTestcase.quit(LoginTestcase.java:29)
at com.testcases.LoginTestcase.quit(LoginTestcase.java:29)
at com.testcases.LoginTestcase.quit(LoginTestcase.java:29)
at com.testcases.LoginTestcase.quit(LoginTestcase.java:29)
at com.testcases.LoginTestcase.quit(LoginTestcase.java:29)
at com.testcases.LoginTestcase.quit(LoginTestcase.java:29)
at com.testcases.LoginTestcase.quit(LoginTestcase.java:29)
at com.testcases.LoginTestcase.quit(LoginTestcase.java:29)
at com.testcases.LoginTestcase.quit(LoginTestcase.java:29)
at com.testcases.LoginTestcase.quit(LoginTestcase.java:29)
at com.testcases.LoginTestcase.quit(LoginTestcase.java:29)
at com.testcases.LoginTestcase.quit(LoginTestcase.java:29)
at com.testcases.LoginTestcase.quit(LoginTestcase.java:29)
at com.testcases.LoginTestcase.quit(LoginTestcase.java:29)
at com.testcases.LoginTestcase.quit(LoginTestcase.java:29)
at com.testcases.LoginTestcase.quit(LoginTestcase.java:29)
at com.testcases.LoginTestcase.quit(LoginTestcase.java:29)
at com.testcases.LoginTestcase.quit(LoginTestcase.java:29)
at com.testcases.LoginTestcase.quit(LoginTestcase.java:29)
at com.testcases.LoginTestcase.quit(LoginTestcase.java:29)
at com.testcases.LoginTestcase.quit(LoginTestcase.java:29)
at com.testcases.LoginTestcase.quit(LoginTestcase.java:29)
at com.testcases.LoginTestcase.quit(LoginTestcase.java:29)
at com.testcases.LoginTestcase.quit(LoginTestcase.java:29)
at com.testcases.LoginTestcase.quit(LoginTestcase.java:29)
at com.testcases.LoginTestcase.quit(LoginTestcase.java:29)
at com.testcases.LoginTestcase.quit(LoginTestcase.java:29)
at com.testcases.LoginTestcase.quit(LoginTestcase.java:29)
at com.testcases.LoginTestcase.quit(LoginTestcase.java:29)
at com.testcases.LoginTestcase.quit(LoginTestcase.java:29)
at com.testcases.LoginTestcase.quit(LoginTestcase.java:29)
at com.testcases.LoginTestcase.quit(LoginTestcase.java:29)
at com.testcases.LoginTestcase.quit(LoginTestcase.java:29)
at com.testcases.LoginTestcase.quit(LoginTestcase.java:29)
at com.testcases.LoginTestcase.quit(LoginTestcase.java:29)
at com.testcases.LoginTestcase.quit(LoginTestcase.java:29)
at com.testcases.LoginTestcase.quit(LoginTestcase.java:29)
at com.testcases.LoginTestcase.quit(LoginTestcase.java:29)
at com.testcases.LoginTestcase.quit(LoginTestcase.java:29)
at com.testcases.LoginTestcase.quit(LoginTestcase.java:29)
at com.testcases.LoginTestcase.quit(LoginTestcase.java:29)
at com.testcases.LoginTestcase.quit(LoginTestcase.java:29)
at com.testcases.LoginTestcase.quit(LoginTestcase.java:29)
at com.testcases.LoginTestcase.quit(LoginTestcase.java:29)
at com.testcases.LoginTestcase.quit(LoginTestcase.java:29)
at com.testcases.LoginTestcase.quit(LoginTestcase.java:29)
at com.testcases.LoginTestcase.quit(LoginTestcase.java:29)
at com.testcases.LoginTestcase.quit(LoginTestcase.java:29)
at com.testcases.LoginTestcase.quit(LoginTestcase.java:29)
at com.testcases.LoginTestcase.quit(LoginTestcase.java:29)
at com.testcases.LoginTestcase.quit(LoginTestcase.java:29)
at com.testcases.LoginTestcase.quit(LoginTestcase.java:29)
at com.testcases.LoginTestcase.quit(LoginTestcase.java:29)
at com.testcases.LoginTestcase.quit(LoginTestcase.java:29)
at com.testcases.LoginTestcase.quit(LoginTestcase.java:29)
at com.testcases.LoginTestcase.quit(LoginTestcase.java:29)
at com.testcases.LoginTestcase.quit(LoginTestcase.java:29)
at com.testcases.LoginTestcase.quit(LoginTestcase.java:29)
at com.testcases.LoginTestcase.quit(LoginTestcase.java:29)
at com.testcases.LoginTestcase.quit(LoginTestcase.java:29)
at com.testcases.LoginTestcase.quit(LoginTestcase.java:29)
at com.testcases.LoginTestcase.quit(LoginTestcase.java:29)
at com.testcases.LoginTestcase.quit(LoginTestcase.java:29)
at com.testcases.LoginTestcase.quit(LoginTestcase.java:29)
at com.testcases.LoginTestcase.quit(LoginTestcase.java:29)
at com.testcases.LoginTestcase.quit(LoginTestcase.java:29)
at com.testcases.LoginTestcase.quit(LoginTestcase.java:29)
at com.testcases.LoginTestcase.quit(LoginTestcase.java:29)
at com.testcases.LoginTestcase.quit(LoginTestcase.java:29)
at com.testcases.LoginTestcase.quit(LoginTestcase.java:29)
at com.testcases.LoginTestcase.quit(LoginTestcase.java:29)
at com.testcases.LoginTestcase.quit(LoginTestcase.java:29)
at com.testcases.LoginTestcase.quit(LoginTestcase.java:29)
at com.testcases.LoginTestcase.quit(LoginTestcase.java:29)
at com.testcases.LoginTestcase.quit(LoginTestcase.java:29)
at com.testcases.LoginTestcase.quit(LoginTestcase.java:29)
at com.testcases.LoginTestcase.quit(LoginTestcase.java:29)
at com.testcases.LoginTestcase.quit(LoginTestcase.java:29)
at com.testcases.LoginTestcase.quit(LoginTestcase.java:29)
at com.testcases.LoginTestcase.quit(LoginTestcase.java:29)
at com.testcases.LoginTestcase.quit(LoginTestcase.java:29)
at com.testcases.LoginTestcase.quit(LoginTestcase.java:29)
at com.testcases.LoginTestcase.quit(LoginTestcase.java:29)
at com.testcases.LoginTestcase.quit(LoginTestcase.java:29)
at com.testcases.LoginTestcase.quit(LoginTestcase.java:29)
at com.testcases.LoginTestcase.quit(LoginTestcase.java:29)
at com.testcases.LoginTestcase.quit(LoginTestcase.java:29)
at com.testcases.LoginTestcase.quit(LoginTestcase.java:29)
at com.testcases.LoginTestcase.quit(LoginTestcase.java:29)
at com.testcases.LoginTestcase.quit(LoginTestcase.java:29)
at com.testcases.LoginTestcase.quit(LoginTestcase.java:29)
at com.testcases.LoginTestcase.quit(LoginTestcase.java:29)
at com.testcases.LoginTestcase.quit(LoginTestcase.java:29)
at com.testcases.LoginTestcase.quit(LoginTestcase.java:29)
at com.testcases.LoginTestcase.quit(LoginTestcase.java:29)
at com.testcases.LoginTestcase.quit(LoginTestcase.java:29)
at com.testcases.LoginTestcase.quit(LoginTestcase.java:29)
at com.testcases.LoginTestcase.quit(LoginTestcase.java:29)
at com.testcases.LoginTestcase.quit(LoginTestcase.java:29)
at com.testcases.LoginTestcase.quit(LoginTestcase.java:29)
at com.testcases.LoginTestcase.quit(LoginTestcase.java:29)
at com.testcases.LoginTestcase.quit(LoginTestcase.java:29)
at com.testcases.LoginTestcase.quit(LoginTestcase.java:29)
at com.testcases.LoginTestcase.quit(LoginTestcase.java:29)
at com.testcases.LoginTestcase.quit(LoginTestcase.java:29)
at com.testcases.LoginTestcase.quit(LoginTestcase.java:29)
at com.testcases.LoginTestcase.quit(LoginTestcase.java:29)
at com.testcases.LoginTestcase.quit(LoginTestcase.java:29)
at com.testcases.LoginTestcase.quit(LoginTestcase.java:29)
at com.testcases.LoginTestcase.quit(LoginTestcase.java:29)
at com.testcases.LoginTestcase.quit(LoginTestcase.java:29)
at com.testcases.LoginTestcase.quit(LoginTestcase.java:29)
at com.testcases.LoginTestcase.quit(LoginTestcase.java:29)
at com.testcases.LoginTestcase.quit(LoginTestcase.java:29)
at com.testcases.LoginTestcase.quit(LoginTestcase.java:29)
at com.testcases.LoginTestcase.quit(LoginTestcase.java:29)
at com.testcases.LoginTestcase.quit(LoginTestcase.java:29)
at com.testcases.LoginTestcase.quit(LoginTestcase.java:29)
at com.testcases.LoginTestcase.quit(LoginTestcase.java:29)
at com.testcases.LoginTestcase.quit(LoginTestcase.java:29)
at com.testcases.LoginTestcase.quit(LoginTestcase.java:29)
at com.testcases.LoginTestcase.quit(LoginTestcase.java:29)
at com.testcases.LoginTestcase.quit(LoginTestcase.java:29)
at com.testcases.LoginTestcase.quit(LoginTestcase.java:29)
at com.testcases.LoginTestcase.quit(LoginTestcase.java:29)
at com.testcases.LoginTestcase.quit(LoginTestcase.java:29)
at com.testcases.LoginTestcase.quit(LoginTestcase.java:29)
at com.testcases.LoginTestcase.quit(LoginTestcase.java:29)
at com.testcases.LoginTestcase.quit(LoginTestcase.java:29)
at com.testcases.LoginTestcase.quit(LoginTestcase.java:29)
at com.testcases.LoginTestcase.quit(LoginTestcase.java:29)
at com.testcases.LoginTestcase.quit(LoginTestcase.java:29)
at com.testcases.LoginTestcase.quit(LoginTestcase.java:29)
at com.testcases.LoginTestcase.quit(LoginTestcase.java:29)
at com.testcases.LoginTestcase.quit(LoginTestcase.java:29)
at com.testcases.LoginTestcase.quit(LoginTestcase.java:29)
at com.testcases.LoginTestcase.quit(LoginTestcase.java:29)
at com.testcases.LoginTestcase.quit(LoginTestcase.java:29)
at com.testcases.LoginTestcase.quit(LoginTestcase.java:29)
at com.testcases.LoginTestcase.quit(LoginTestcase.java:29)
at com.testcases.LoginTestcase.quit(LoginTestcase.java:29)
at com.testcases.LoginTestcase.quit(LoginTestcase.java:29)
at com.testcases.LoginTestcase.quit(LoginTestcase.java:29)
at com.testcases.LoginTestcase.quit(LoginTestcase.java:29)
at com.testcases.LoginTestcase.quit(LoginTestcase.java:29)
at com.testcases.LoginTestcase.quit(LoginTestcase.java:29)
at com.testcases.LoginTestcase.quit(LoginTestcase.java:29)
at com.testcases.LoginTestcase.quit(LoginTestcase.java:29)
at com.testcases.LoginTestcase.quit(LoginTestcase.java:29)
at com.testcases.LoginTestcase.quit(LoginTestcase.java:29)
at com.testcases.LoginTestcase.quit(LoginTestcase.java:29)
at com.testcases.LoginTestcase.quit(LoginTestcase.java:29)
at com.testcases.LoginTestcase.quit(LoginTestcase.java:29)
at com.testcases.LoginTestcase.quit(LoginTestcase.java:29)
at com.testcases.LoginTestcase.quit(LoginTestcase.java:29)
at com.testcases.LoginTestcase.quit(LoginTestcase.java:29)
at com.testcases.LoginTestcase.quit(LoginTestcase.java:29)
at com.testcases.LoginTestcase.quit(LoginTestcase.java:29)
at com.testcases.LoginTestcase.quit(LoginTestcase.java:29)
at com.testcases.LoginTestcase.quit(LoginTestcase.java:29)
at com.testcases.LoginTestcase.quit(LoginTestcase.java:29)
at com.testcases.LoginTestcase.quit(LoginTestcase.java:29)
at com.testcases.LoginTestcase.quit(LoginTestcase.java:29)
at com.testcases.LoginTestcase.quit(LoginTestcase.java:29)
at com.testcases.LoginTestcase.quit(LoginTestcase.java:29)
at com.testcases.LoginTestcase.quit(LoginTestcase.java:29)
at com.testcases.LoginTestcase.quit(LoginTestcase.java:29)
at com.testcases.LoginTestcase.quit(LoginTestcase.java:29)
at com.testcases.LoginTestcase.quit(LoginTestcase.java:29)
at com.testcases.LoginTestcase.quit(LoginTestcase.java:29)
at com.testcases.LoginTestcase.quit(LoginTestcase.java:29)
at com.testcases.LoginTestcase.quit(LoginTestcase.java:29)
at com.testcases.LoginTestcase.quit(LoginTestcase.java:29)
at com.testcases.LoginTestcase.quit(LoginTestcase.java:29)
at com.testcases.LoginTestcase.quit(LoginTestcase.java:29)
at com.testcases.LoginTestcase.quit(LoginTestcase.java:29)
at com.testcases.LoginTestcase.quit(LoginTestcase.java:29)
at com.testcases.LoginTestcase.quit(LoginTestcase.java:29)
at com.testcases.LoginTestcase.quit(LoginTestcase.java:29)
at com.testcases.LoginTestcase.quit(LoginTestcase.java:29)
at com.testcases.LoginTestcase.quit(LoginTestcase.java:29)
at com.testcases.LoginTestcase.quit(LoginTestcase.java:29)
at com.testcases.LoginTestcase.quit(LoginTestcase.java:29)
at com.testcases.LoginTestcase.quit(LoginTestcase.java:29)
at com.testcases.LoginTestcase.quit(LoginTestcase.java:29)
at com.testcases.LoginTestcase.quit(LoginTestcase.java:29)
at com.testcases.LoginTestcase.quit(LoginTestcase.java:29)
at com.testcases.LoginTestcase.quit(LoginTestcase.java:29)
at com.testcases.LoginTestcase.quit(LoginTestcase.java:29)
at com.testcases.LoginTestcase.quit(LoginTestcase.java:29)
at com.testcases.LoginTestcase.quit(LoginTestcase.java:29)
at com.testcases.LoginTestcase.quit(LoginTestcase.java:29)
at com.testcases.LoginTestcase.quit(LoginTestcase.java:29)
at com.testcases.LoginTestcase.quit(LoginTestcase.java:29)
at com.testcases.LoginTestcase.quit(LoginTestcase.java:29)
at com.testcases.LoginTestcase.quit(LoginTestcase.java:29)
at com.testcases.LoginTestcase.quit(LoginTestcase.java:29)
at com.testcases.LoginTestcase.quit(LoginTestcase.java:29)
at com.testcases.LoginTestcase.quit(LoginTestcase.java:29)
at com.testcases.LoginTestcase.quit(LoginTestcase.java:29)
at com.testcases.LoginTestcase.quit(LoginTestcase.java:29)
at com.testcases.LoginTestcase.quit(LoginTestcase.java:29)
at com.testcases.LoginTestcase.quit(LoginTestcase.java:29)
at com.testcases.LoginTestcase.quit(LoginTestcase.java:29)
at com.testcases.LoginTestcase.quit(LoginTestcase.java:29)
at com.testcases.LoginTestcase.quit(LoginTestcase.java:29)
at com.testcases.LoginTestcase.quit(LoginTestcase.java:29)
at com.testcases.LoginTestcase.quit(LoginTestcase.java:29)
at com.testcases.LoginTestcase.quit(LoginTestcase.java:29)
at com.testcases.LoginTestcase.quit(LoginTestcase.java:29)
at com.testcases.LoginTestcase.quit(LoginTestcase.java:29)
at com.testcases.LoginTestcase.quit(LoginTestcase.java:29)
at com.testcases.LoginTestcase.quit(LoginTestcase.java:29)
at com.testcases.LoginTestcase.quit(LoginTestcase.java:29)
at com.testcases.LoginTestcase.quit(LoginTestcase.java:29)
at com.testcases.LoginTestcase.quit(LoginTestcase.java:29)
at com.testcases.LoginTestcase.quit(LoginTestcase.java:29)
at com.testcases.LoginTestcase.quit(LoginTestcase.java:29)
at com.testcases.LoginTestcase.quit(LoginTestcase.java:29)
at com.testcases.LoginTestcase.quit(LoginTestcase.java:29)
at com.testcases.LoginTestcase.quit(LoginTestcase.java:29)
at com.testcases.LoginTestcase.quit(LoginTestcase.java:29)
at com.testcases.LoginTestcase.quit(LoginTestcase.java:29)
at com.testcases.LoginTestcase.quit(LoginTestcase.java:29)
at com.testcases.LoginTestcase.quit(LoginTestcase.java:29)
at com.testcases.LoginTestcase.quit(LoginTestcase.java:29)
at com.testcases.LoginTestcase.quit(LoginTestcase.java:29)
at com.testcases.LoginTestcase.quit(LoginTestcase.java:29)
at com.testcases.LoginTestcase.quit(LoginTestcase.java:29)
at com.testcases.LoginTestcase.quit(LoginTestcase.java:29)
at com.testcases.LoginTestcase.quit(LoginTestcase.java:29)
at com.testcases.LoginTestcase.quit(LoginTestcase.java:29)
at com.testcases.LoginTestcase.quit(LoginTestcase.java:29)
at com.testcases.LoginTestcase.quit(LoginTestcase.java:29)
at com.testcases.LoginTestcase.quit(LoginTestcase.java:29)
at com.testcases.LoginTestcase.quit(LoginTestcase.java:29)
at com.testcases.LoginTestcase.quit(LoginTestcase.java:29)
at com.testcases.LoginTestcase.quit(LoginTestcase.java:29)
at com.testcases.LoginTestcase.quit(LoginTestcase.java:29)
at com.testcases.LoginTestcase.quit(LoginTestcase.java:29)
at com.testcases.LoginTestcase.quit(LoginTestcase.java:29)
at com.testcases.LoginTestcase.quit(LoginTestcase.java:29)
at com.testcases.LoginTestcase.quit(LoginTestcase.java:29)
at com.testcases.LoginTestcase.quit(LoginTestcase.java:29)
at com.testcases.LoginTestcase.quit(LoginTestcase.java:29)
at com.testcases.LoginTestcase.quit(LoginTestcase.java:29)
at com.testcases.LoginTestcase.quit(LoginTestcase.java:29)
at com.testcases.LoginTestcase.quit(LoginTestcase.java:29)
at com.testcases.LoginTestcase.quit(LoginTestcase.java:29)
at com.testcases.LoginTestcase.quit(LoginTestcase.java:29)
at com.testcases.LoginTestcase.quit(LoginTestcase.java:29)
at com.testcases.LoginTestcase.quit(LoginTestcase.java:29)
at com.testcases.LoginTestcase.quit(LoginTestcase.java:29)
at com.testcases.LoginTestcase.quit(LoginTestcase.java:29)
at com.testcases.LoginTestcase.quit(LoginTestcase.java:29)
at com.testcases.LoginTestcase.quit(LoginTestcase.java:29)
at com.testcases.LoginTestcase.quit(LoginTestcase.java:29)
at com.testcases.LoginTestcase.quit(LoginTestcase.java:29)
at com.testcases.LoginTestcase.quit(LoginTestcase.java:29)
at com.testcases.LoginTestcase.quit(LoginTestcase.java:29)
at com.testcases.LoginTestcase.quit(LoginTestcase.java:29)
at com.testcases.LoginTestcase.quit(LoginTestcase.java:29)
at com.testcases.LoginTestcase.quit(LoginTestcase.java:29)
at com.testcases.LoginTestcase.quit(LoginTestcase.java:29)
at com.testcases.LoginTestcase.quit(LoginTestcase.java:29)
at com.testcases.LoginTestcase.quit(LoginTestcase.java:29)
at com.testcases.LoginTestcase.quit(LoginTestcase.java:29)
at com.testcases.LoginTestcase.quit(LoginTestcase.java:29)
at com.testcases.LoginTestcase.quit(LoginTestcase.java:29)
at com.testcases.LoginTestcase.quit(LoginTestcase.java:29)
at com.testcases.LoginTestcase.quit(LoginTestcase.java:29)
at com.testcases.LoginTestcase.quit(LoginTestcase.java:29)
at com.testcases.LoginTestcase.quit(LoginTestcase.java:29)
at com.testcases.LoginTestcase.quit(LoginTestcase.java:29)
at com.testcases.LoginTestcase.quit(LoginTestcase.java:29)
at com.testcases.LoginTestcase.quit(LoginTestcase.java:29)
at com.testcases.LoginTestcase.quit(LoginTestcase.java:29)
at com.testcases.LoginTestcase.quit(LoginTestcase.java:29)
at com.testcases.LoginTestcase.quit(LoginTestcase.java:29)
at com.testcases.LoginTestcase.quit(LoginTestcase.java:29)
at com.testcases.LoginTestcase.quit(LoginTestcase.java:29)
at com.testcases.LoginTestcase.quit(LoginTestcase.java:29)
at com.testcases.LoginTestcase.quit(LoginTestcase.java:29)
at com.testcases.LoginTestcase.quit(LoginTestcase.java:29)
at com.testcases.LoginTestcase.quit(LoginTestcase.java:29)
at com.testcases.LoginTestcase.quit(LoginTestcase.java:29)
at com.testcases.LoginTestcase.quit(LoginTestcase.java:29)
at com.testcases.LoginTestcase.quit(LoginTestcase.java:29)
at com.testcases.LoginTestcase.quit(LoginTestcase.java:29)
at com.testcases.LoginTestcase.quit(LoginTestcase.java:29)
at com.testcases.LoginTestcase.quit(LoginTestcase.java:29)
at com.testcases.LoginTestcase.quit(LoginTestcase.java:29)
at com.testcases.LoginTestcase.quit(LoginTestcase.java:29)
at com.testcases.LoginTestcase.quit(LoginTestcase.java:29)
at com.testcases.LoginTestcase.quit(LoginTestcase.java:29)
at com.testcases.LoginTestcase.quit(LoginTestcase.java:29)
at com.testcases.LoginTestcase.quit(LoginTestcase.java:29)
at com.testcases.LoginTestcase.quit(LoginTestcase.java:29)
at com.testcases.LoginTestcase.quit(LoginTestcase.java:29)
at com.testcases.LoginTestcase.quit(LoginTestcase.java:29)
at com.testcases.LoginTestcase.quit(LoginTestcase.java:29)
at com.testcases.LoginTestcase.quit(LoginTestcase.java:29)
at com.testcases.LoginTestcase.quit(LoginTestcase.java:29)
at com.testcases.LoginTestcase.quit(LoginTestcase.java:29)
at com.testcases.LoginTestcase.quit(LoginTestcase.java:29)
at com.testcases.LoginTestcase.quit(LoginTestcase.java:29)
at com.testcases.LoginTestcase.quit(LoginTestcase.java:29)
at com.testcases.LoginTestcase.quit(LoginTestcase.java:29)
at com.testcases.LoginTestcase.quit(LoginTestcase.java:29)
at com.testcases.LoginTestcase.quit(LoginTestcase.java:29)
at com.testcases.LoginTestcase.quit(LoginTestcase.java:29)
at com.testcases.LoginTestcase.quit(LoginTestcase.java:29)
at com.testcases.LoginTestcase.quit(LoginTestcase.java:29)
at com.testcases.LoginTestcase.quit(LoginTestcase.java:29)
at com.testcases.LoginTestcase.quit(LoginTestcase.java:29)
at com.testcases.LoginTestcase.quit(LoginTestcase.java:29)
at com.testcases.LoginTestcase.quit(LoginTestcase.java:29)
at com.testcases.LoginTestcase.quit(LoginTestcase.java:29)
at com.testcases.LoginTestcase.quit(LoginTestcase.java:29)
at com.testcases.LoginTestcase.quit(LoginTestcase.java:29)
at com.testcases.LoginTestcase.quit(LoginTestcase.java:29)
at com.testcases.LoginTestcase.quit(LoginTestcase.java:29)
at com.testcases.LoginTestcase.quit(LoginTestcase.java:29)
at com.testcases.LoginTestcase.quit(LoginTestcase.java:29)
at com.testcases.LoginTestcase.quit(LoginTestcase.java:29)
at com.testcases.LoginTestcase.quit(LoginTestcase.java:29)
at com.testcases.LoginTestcase.quit(LoginTestcase.java:29)
at com.testcases.LoginTestcase.quit(LoginTestcase.java:29)
at com.testcases.LoginTestcase.quit(LoginTestcase.java:29)
at com.testcases.LoginTestcase.quit(LoginTestcase.java:29)
at com.testcases.LoginTestcase.quit(LoginTestcase.java:29)
at com.testcases.LoginTestcase.quit(LoginTestcase.java:29)
at com.testcases.LoginTestcase.quit(LoginTestcase.java:29)
at com.testcases.LoginTestcase.quit(LoginTestcase.java:29)
at com.testcases.LoginTestcase.quit(LoginTestcase.java:29)
at com.testcases.LoginTestcase.quit(LoginTestcase.java:29)
at com.testcases.LoginTestcase.quit(LoginTestcase.java:29)
at com.testcases.LoginTestcase.quit(LoginTestcase.java:29)
at com.testcases.LoginTestcase.quit(LoginTestcase.java:29)
at com.testcases.LoginTestcase.quit(LoginTestcase.java:29)
at com.testcases.LoginTestcase.quit(LoginTestcase.java:29)
at com.testcases.LoginTestcase.quit(LoginTestcase.java:29)
at com.testcases.LoginTestcase.quit(LoginTestcase.java:29)
at com.testcases.LoginTestcase.quit(LoginTestcase.java:29)
at com.testcases.LoginTestcase.quit(LoginTestcase.java:29)
at com.testcases.LoginTestcase.quit(LoginTestcase.java:29)
at com.testcases.LoginTestcase.quit(LoginTestcase.java:29)
at com.testcases.LoginTestcase.quit(LoginTestcase.java:29)
at com.testcases.LoginTestcase.quit(LoginTestcase.java:29)
at com.testcases.LoginTestcase.quit(LoginTestcase.java:29)
at com.testcases.LoginTestcase.quit(LoginTestcase.java:29)
at com.testcases.LoginTestcase.quit(LoginTestcase.java:29)
at com.testcases.LoginTestcase.quit(LoginTestcase.java:29)
at com.testcases.LoginTestcase.quit(LoginTestcase.java:29)
at com.testcases.LoginTestcase.quit(LoginTestcase.java:29)
at com.testcases.LoginTestcase.quit(LoginTestcase.java:29)
at com.testcases.LoginTestcase.quit(LoginTestcase.java:29)
at com.testcases.LoginTestcase.quit(LoginTestcase.java:29)
at com.testcases.LoginTestcase.quit(LoginTestcase.java:29)
at com.testcases.LoginTestcase.quit(LoginTestcase.java:29)
at com.testcases.LoginTestcase.quit(LoginTestcase.java:29)
at com.testcases.LoginTestcase.quit(LoginTestcase.java:29)
at com.testcases.LoginTestcase.quit(LoginTestcase.java:29)
at com.testcases.LoginTestcase.quit(LoginTestcase.java:29)
at com.testcases.LoginTestcase.quit(LoginTestcase.java:29)
at com.testcases.LoginTestcase.quit(LoginTestcase.java:29)
at com.testcases.LoginTestcase.quit(LoginTestcase.java:29)
at com.testcases.LoginTestcase.quit(LoginTestcase.java:29)
at com.testcases.LoginTestcase.quit(LoginTestcase.java:29)
at com.testcases.LoginTestcase.quit(LoginTestcase.java:29)
at com.testcases.LoginTestcase.quit(LoginTestcase.java:29)
at com.testcases.LoginTestcase.quit(LoginTestcase.java:29)
at com.testcases.LoginTestcase.quit(LoginTestcase.java:29)
at com.testcases.LoginTestcase.quit(LoginTestcase.java:29)
at com.testcases.LoginTestcase.quit(LoginTestcase.java:29)
at com.testcases.LoginTestcase.quit(LoginTestcase.java:29)
at com.testcases.LoginTestcase.quit(LoginTestcase.java:29)
at com.testcases.LoginTestcase.quit(LoginTestcase.java:29)
at com.testcases.LoginTestcase.quit(LoginTestcase.java:29)
at com.testcases.LoginTestcase.quit(LoginTestcase.java:29)
at com.testcases.LoginTestcase.quit(LoginTestcase.java:29)
at com.testcases.LoginTestcase.quit(LoginTestcase.java:29)
at com.testcases.LoginTestcase.quit(LoginTestcase.java:29)
at com.testcases.LoginTestcase.quit(LoginTestcase.java:29)
at com.testcases.LoginTestcase.quit(LoginTestcase.java:29)
at com.testcases.LoginTestcase.quit(LoginTestcase.java:29)
at com.testcases.LoginTestcase.quit(LoginTestcase.java:29)
at com.testcases.LoginTestcase.quit(LoginTestcase.java:29)
at com.testcases.LoginTestcase.quit(LoginTestcase.java:29)
at com.testcases.LoginTestcase.quit(LoginTestcase.java:29)
at com.testcases.LoginTestcase.quit(LoginTestcase.java:29)
at com.testcases.LoginTestcase.quit(LoginTestcase.java:29)
at com.testcases.LoginTestcase.quit(LoginTestcase.java:29)
at com.testcases.LoginTestcase.quit(LoginTestcase.java:29)
at com.testcases.LoginTestcase.quit(LoginTestcase.java:29)
at com.testcases.LoginTestcase.quit(LoginTestcase.java:29)
at com.testcases.LoginTestcase.quit(LoginTestcase.java:29)
at com.testcases.LoginTestcase.quit(LoginTestcase.java:29)
at com.testcases.LoginTestcase.quit(LoginTestcase.java:29)
at com.testcases.LoginTestcase.quit(LoginTestcase.java:29)
at com.testcases.LoginTestcase.quit(LoginTestcase.java:29)
at com.testcases.LoginTestcase.quit(LoginTestcase.java:29)
at com.testcases.LoginTestcase.quit(LoginTestcase.java:29)
at com.testcases.LoginTestcase.quit(LoginTestcase.java:29)
at com.testcases.LoginTestcase.quit(LoginTestcase.java:29)
at com.testcases.LoginTestcase.quit(LoginTestcase.java:29)
at com.testcases.LoginTestcase.quit(LoginTestcase.java:29)
at com.testcases.LoginTestcase.quit(LoginTestcase.java:29)
at com.testcases.LoginTestcase.quit(LoginTestcase.java:29)
at com.testcases.LoginTestcase.quit(LoginTestcase.java:29)
at com.testcases.LoginTestcase.quit(LoginTestcase.java:29)
at com.testcases.LoginTestcase.quit(LoginTestcase.java:29)
at com.testcases.LoginTestcase.quit(LoginTestcase.java:29)
at com.testcases.LoginTestcase.quit(LoginTestcase.java:29)
at com.testcases.LoginTestcase.quit(LoginTestcase.java:29)
at com.testcases.LoginTestcase.quit(LoginTestcase.java:29)
at com.testcases.LoginTestcase.quit(LoginTestcase.java:29)
at com.testcases.LoginTestcase.quit(LoginTestcase.java:29)
at com.testcases.LoginTestcase.quit(LoginTestcase.java:29)
at com.testcases.LoginTestcase.quit(LoginTestcase.java:29)
at com.testcases.LoginTestcase.quit(LoginTestcase.java:29)
at com.testcases.LoginTestcase.quit(LoginTestcase.java:29)
at com.testcases.LoginTestcase.quit(LoginTestcase.java:29)
at com.testcases.LoginTestcase.quit(LoginTestcase.java:29)
at com.testcases.LoginTestcase.quit(LoginTestcase.java:29)
at com.testcases.LoginTestcase.quit(LoginTestcase.java:29)
at com.testcases.LoginTestcase.quit(LoginTestcase.java:29)
at com.testcases.LoginTestcase.quit(LoginTestcase.java:29)
at com.testcases.LoginTestcase.quit(LoginTestcase.java:29)
at com.testcases.LoginTestcase.quit(LoginTestcase.java:29)
at com.testcases.LoginTestcase.quit(LoginTestcase.java:29)
at com.testcases.LoginTestcase.quit(LoginTestcase.java:29)
at com.testcases.LoginTestcase.quit(LoginTestcase.java:29)
at com.testcases.LoginTestcase.quit(LoginTestcase.java:29)
at com.testcases.LoginTestcase.quit(LoginTestcase.java:29)
at com.testcases.LoginTestcase.quit(LoginTestcase.java:29)
at com.testcases.LoginTestcase.quit(LoginTestcase.java:29)
at com.testcases.LoginTestcase.quit(LoginTestcase.java:29)
at com.testcases.LoginTestcase.quit(LoginTestcase.java:29)
at com.testcases.LoginTestcase.quit(LoginTestcase.java:29)
at com.testcases.LoginTestcase.quit(LoginTestcase.java:29)
at com.testcases.LoginTestcase.quit(LoginTestcase.java:29)
at com.testcases.LoginTestcase.quit(LoginTestcase.java:29)
at com.testcases.LoginTestcase.quit(LoginTestcase.java:29)
at com.testcases.LoginTestcase.quit(LoginTestcase.java:29)
at com.testcases.LoginTestcase.quit(LoginTestcase.java:29)
at com.testcases.LoginTestcase.quit(LoginTestcase.java:29)
at com.testcases.LoginTestcase.quit(LoginTestcase.java:29)
at com.testcases.LoginTestcase.quit(LoginTestcase.java:29)
at com.testcases.LoginTestcase.quit(LoginTestcase.java:29)
at com.testcases.LoginTestcase.quit(LoginTestcase.java:29)
at com.testcases.LoginTestcase.quit(LoginTestcase.java:29)
at com.testcases.LoginTestcase.quit(LoginTestcase.java:29)
at com.testcases.LoginTestcase.quit(LoginTestcase.java:29)
at com.testcases.LoginTestcase.quit(LoginTestcase.java:29)
at com.testcases.LoginTestcase.quit(LoginTestcase.java:29)
at com.testcases.LoginTestcase.quit(LoginTestcase.java:29)
at com.testcases.LoginTestcase.quit(LoginTestcase.java:29)
at com.testcases.LoginTestcase.quit(LoginTestcase.java:29)
at com.testcases.LoginTestcase.quit(LoginTestcase.java:29)
at com.testcases.LoginTestcase.quit(LoginTestcase.java:29)
at com.testcases.LoginTestcase.quit(LoginTestcase.java:29)
at com.testcases.LoginTestcase.quit(LoginTestcase.java:29)
at com.testcases.LoginTestcase.quit(LoginTestcase.java:29)
at com.testcases.LoginTestcase.quit(LoginTestcase.java:29)
at com.testcases.LoginTestcase.quit(LoginTestcase.java:29)
at com.testcases.LoginTestcase.quit(LoginTestcase.java:29)
at com.testcases.LoginTestcase.quit(LoginTestcase.java:29)
at com.testcases.LoginTestcase.quit(LoginTestcase.java:29)
at com.testcases.LoginTestcase.quit(LoginTestcase.java:29)
at com.testcases.LoginTestcase.quit(LoginTestcase.java:29)
at com.testcases.LoginTestcase.quit(LoginTestcase.java:29)
at com.testcases.LoginTestcase.quit(LoginTestcase.java:29)
at com.testcases.LoginTestcase.quit(LoginTestcase.java:29)
at com.testcases.LoginTestcase.quit(LoginTestcase.java:29)
at com.testcases.LoginTestcase.quit(LoginTestcase.java:29)
at com.testcases.LoginTestcase.quit(LoginTestcase.java:29)
at com.testcases.LoginTestcase.quit(LoginTestcase.java:29)
at com.testcases.LoginTestcase.quit(LoginTestcase.java:29)
at com.testcases.LoginTestcase.quit(LoginTestcase.java:29)
at com.testcases.LoginTestcase.quit(LoginTestcase.java:29)
at com.testcases.LoginTestcase.quit(LoginTestcase.java:29)
at com.testcases.LoginTestcase.quit(LoginTestcase.java:29)
at com.testcases.LoginTestcase.quit(LoginTestcase.java:29)
at com.testcases.LoginTestcase.quit(LoginTestcase.java:29)
at com.testcases.LoginTestcase.quit(LoginTestcase.java:29)
at com.testcases.LoginTestcase.quit(LoginTestcase.java:29)
at com.testcases.LoginTestcase.quit(LoginTestcase.java:29)
at com.testcases.LoginTestcase.quit(LoginTestcase.java:29)
at com.testcases.LoginTestcase.quit(LoginTestcase.java:29)
at com.testcases.LoginTestcase.quit(LoginTestcase.java:29)
at com.testcases.LoginTestcase.quit(LoginTestcase.java:29)
at com.testcases.LoginTestcase.quit(LoginTestcase.java:29)
at com.testcases.LoginTestcase.quit(LoginTestcase.java:29)
at com.testcases.LoginTestcase.quit(LoginTestcase.java:29)
at com.testcases.LoginTestcase.quit(LoginTestcase.java:29)
at com.testcases.LoginTestcase.quit(LoginTestcase.java:29)
at com.testcases.LoginTestcase.quit(LoginTestcase.java:29)
at com.testcases.LoginTestcase.quit(LoginTestcase.java:29)
at com.testcases.LoginTestcase.quit(LoginTestcase.java:29)
at com.testcases.LoginTestcase.quit(LoginTestcase.java:29)
at com.testcases.LoginTestcase.quit(LoginTestcase.java:29)
at com.testcases.LoginTestcase.quit(LoginTestcase.java:29)
at com.testcases.LoginTestcase.quit(LoginTestcase.java:29)
at com.testcases.LoginTestcase.quit(LoginTestcase.java:29)
at com.testcases.LoginTestcase.quit(LoginTestcase.java:29)
at com.testcases.LoginTestcase.quit(LoginTestcase.java:29)
at com.testcases.LoginTestcase.quit(LoginTestcase.java:29)
at com.testcases.LoginTestcase.quit(LoginTestcase.java:29)
at com.testcases.LoginTestcase.quit(LoginTestcase.java:29)
at com.testcases.LoginTestcase.quit(LoginTestcase.java:29)
at com.testcases.LoginTestcase.quit(LoginTestcase.java:29)
at com.testcases.LoginTestcase.quit(LoginTestcase.java:29)
at com.testcases.LoginTestcase.quit(LoginTestcase.java:29)
at com.testcases.LoginTestcase.quit(LoginTestcase.java:29)
at com.testcases.LoginTestcase.quit(LoginTestcase.java:29)
at com.testcases.LoginTestcase.quit(LoginTestcase.java:29)
at com.testcases.LoginTestcase.quit(LoginTestcase.java:29)
at com.testcases.LoginTestcase.quit(LoginTestcase.java:29)
at com.testcases.LoginTestcase.quit(LoginTestcase.java:29)
at com.testcases.LoginTestcase.quit(LoginTestcase.java:29)
at com.testcases.LoginTestcase.quit(LoginTestcase.java:29)
at com.testcases.LoginTestcase.quit(LoginTestcase.java:29)
at com.testcases.LoginTestcase.quit(LoginTestcase.java:29)
at com.testcases.LoginTestcase.quit(LoginTestcase.java:29)
at com.testcases.LoginTestcase.quit(LoginTestcase.java:29)
at com.testcases.LoginTestcase.quit(LoginTestcase.java:29)
at com.testcases.LoginTestcase.quit(LoginTestcase.java:29)
at com.testcases.LoginTestcase.quit(LoginTestcase.java:29)
at com.testcases.LoginTestcase.quit(LoginTestcase.java:29)
at com.testcases.LoginTestcase.quit(LoginTestcase.java:29)
at com.testcases.LoginTestcase.quit(LoginTestcase.java:29)
at com.testcases.LoginTestcase.quit(LoginTestcase.java:29)
at com.testcases.LoginTestcase.quit(LoginTestcase.java:29)
at com.testcases.LoginTestcase.quit(LoginTestcase.java:29)
at com.testcases.LoginTestcase.quit(LoginTestcase.java:29)
at com.testcases.LoginTestcase.quit(LoginTestcase.java:29)
at com.testcases.LoginTestcase.quit(LoginTestcase.java:29)
at com.testcases.LoginTestcase.quit(LoginTestcase.java:29)
at com.testcases.LoginTestcase.quit(LoginTestcase.java:29)
at com.testcases.LoginTestcase.quit(LoginTestcase.java:29)
at com.testcases.LoginTestcase.quit(LoginTestcase.java:29)
at com.testcases.LoginTestcase.quit(LoginTestcase.java:29)
at com.testcases.LoginTestcase.quit(LoginTestcase.java:29)
at com.testcases.LoginTestcase.quit(LoginTestcase.java:29)
at com.testcases.LoginTestcase.quit(LoginTestcase.java:29)
at com.testcases.LoginTestcase.quit(LoginTestcase.java:29)
at com.testcases.LoginTestcase.quit(LoginTestcase.java:29)
at com.testcases.LoginTestcase.quit(LoginTestcase.java:29)
at com.testcases.LoginTestcase.quit(LoginTestcase.java:29)
at com.testcases.LoginTestcase.quit(LoginTestcase.java:29)
at com.testcases.LoginTestcase.quit(LoginTestcase.java:29)
at com.testcases.LoginTestcase.quit(LoginTestcase.java:29)
at com.testcases.LoginTestcase.quit(LoginTestcase.java:29)
at com.testcases.LoginTestcase.quit(LoginTestcase.java:29)
]]>
    </error>
  </testcase> <!-- quit -->
  <system-out/>
</testsuite> <!-- com.testcases.LoginTestcase -->
