<?xml version="1.0" encoding="UTF-8"?>
<!-- Generated by org.testng.reporters.JUnitReportReporter -->
<testsuite hostname="DESKTOP-D3NLLGS" failures="0" tests="1" name="com.testcases.OrangeTestcase" time="14.532" errors="0" timestamp="2020-03-28T19:15:45 IST" skipped="0">
  <testcase classname="com.testcases.OrangeTestcase" name="login" time="14.532"/>
  <system-out/>
</testsuite> <!-- com.testcases.OrangeTestcase -->
