<?xml version="1.0" encoding="UTF-8"?>
<!-- Generated by org.testng.reporters.JUnitReportReporter -->
<testsuite hostname="DESKTOP-D3NLLGS" failures="0" tests="1" name="com.testcases.OrangehrmperfTestcase" time="11.141" errors="0" timestamp="2020-03-28T19:22:23 IST" skipped="0">
  <testcase classname="com.testcases.OrangehrmperfTestcase" name="perfomclick" time="11.141"/>
  <system-out/>
</testsuite> <!-- com.testcases.OrangehrmperfTestcase -->
