<?xml version="1.0" encoding="UTF-8"?>
<!-- Generated by org.testng.reporters.JUnitReportReporter -->
<testsuite hostname="DESKTOP-D3NLLGS" failures="0" tests="2" name="com.testcases.TestOrangeLeave" time="39.472" errors="1" timestamp="2020-03-28T19:22:24 IST" skipped="0">
  <testcase classname="com.testcases.TestOrangeLeave" name="leavemenuclick" time="17.365"/>
  <system-out/>
  <testcase classname="com.testcases.TestOrangeLeave" name="quit" time="22.107">
    <error message="Unexpected result for screenshot command: null" type="java.lang.RuntimeException">
      <![CDATA[java.lang.RuntimeException: Unexpected result for screenshot command: null
at org.openqa.selenium.remote.RemoteWebDriver.getScreenshotAs(RemoteWebDriver.java:304)
at com.seleniumutility.utility.Takessnapshot(utility.java:21)
at com.testcases.TestOrangeLeave.quit(TestOrangeLeave.java:39)
at com.testcases.TestOrangeLeave.quit(TestOrangeLeave.java:40)
at com.testcases.TestOrangeLeave.quit(TestOrangeLeave.java:40)
at com.testcases.TestOrangeLeave.quit(TestOrangeLeave.java:40)
at com.testcases.TestOrangeLeave.quit(TestOrangeLeave.java:40)
at com.testcases.TestOrangeLeave.quit(TestOrangeLeave.java:40)
at com.testcases.TestOrangeLeave.quit(TestOrangeLeave.java:40)
at com.testcases.TestOrangeLeave.quit(TestOrangeLeave.java:40)
at com.testcases.TestOrangeLeave.quit(TestOrangeLeave.java:40)
at com.testcases.TestOrangeLeave.quit(TestOrangeLeave.java:40)
at com.testcases.TestOrangeLeave.quit(TestOrangeLeave.java:40)
at com.testcases.TestOrangeLeave.quit(TestOrangeLeave.java:40)
at com.testcases.TestOrangeLeave.quit(TestOrangeLeave.java:40)
at com.testcases.TestOrangeLeave.quit(TestOrangeLeave.java:40)
at com.testcases.TestOrangeLeave.quit(TestOrangeLeave.java:40)
at com.testcases.TestOrangeLeave.quit(TestOrangeLeave.java:40)
at com.testcases.TestOrangeLeave.quit(TestOrangeLeave.java:40)
at com.testcases.TestOrangeLeave.quit(TestOrangeLeave.java:40)
at com.testcases.TestOrangeLeave.quit(TestOrangeLeave.java:40)
at com.testcases.TestOrangeLeave.quit(TestOrangeLeave.java:40)
at com.testcases.TestOrangeLeave.quit(TestOrangeLeave.java:40)
at com.testcases.TestOrangeLeave.quit(TestOrangeLeave.java:40)
at com.testcases.TestOrangeLeave.quit(TestOrangeLeave.java:40)
at com.testcases.TestOrangeLeave.quit(TestOrangeLeave.java:40)
at com.testcases.TestOrangeLeave.quit(TestOrangeLeave.java:40)
at com.testcases.TestOrangeLeave.quit(TestOrangeLeave.java:40)
at com.testcases.TestOrangeLeave.quit(TestOrangeLeave.java:40)
at com.testcases.TestOrangeLeave.quit(TestOrangeLeave.java:40)
at com.testcases.TestOrangeLeave.quit(TestOrangeLeave.java:40)
at com.testcases.TestOrangeLeave.quit(TestOrangeLeave.java:40)
at com.testcases.TestOrangeLeave.quit(TestOrangeLeave.java:40)
at com.testcases.TestOrangeLeave.quit(TestOrangeLeave.java:40)
at com.testcases.TestOrangeLeave.quit(TestOrangeLeave.java:40)
at com.testcases.TestOrangeLeave.quit(TestOrangeLeave.java:40)
at com.testcases.TestOrangeLeave.quit(TestOrangeLeave.java:40)
at com.testcases.TestOrangeLeave.quit(TestOrangeLeave.java:40)
at com.testcases.TestOrangeLeave.quit(TestOrangeLeave.java:40)
at com.testcases.TestOrangeLeave.quit(TestOrangeLeave.java:40)
at com.testcases.TestOrangeLeave.quit(TestOrangeLeave.java:40)
at com.testcases.TestOrangeLeave.quit(TestOrangeLeave.java:40)
at com.testcases.TestOrangeLeave.quit(TestOrangeLeave.java:40)
at com.testcases.TestOrangeLeave.quit(TestOrangeLeave.java:40)
at com.testcases.TestOrangeLeave.quit(TestOrangeLeave.java:40)
at com.testcases.TestOrangeLeave.quit(TestOrangeLeave.java:40)
at com.testcases.TestOrangeLeave.quit(TestOrangeLeave.java:40)
at com.testcases.TestOrangeLeave.quit(TestOrangeLeave.java:40)
at com.testcases.TestOrangeLeave.quit(TestOrangeLeave.java:40)
at com.testcases.TestOrangeLeave.quit(TestOrangeLeave.java:40)
at com.testcases.TestOrangeLeave.quit(TestOrangeLeave.java:40)
at com.testcases.TestOrangeLeave.quit(TestOrangeLeave.java:40)
at com.testcases.TestOrangeLeave.quit(TestOrangeLeave.java:40)
at com.testcases.TestOrangeLeave.quit(TestOrangeLeave.java:40)
at com.testcases.TestOrangeLeave.quit(TestOrangeLeave.java:40)
at com.testcases.TestOrangeLeave.quit(TestOrangeLeave.java:40)
at com.testcases.TestOrangeLeave.quit(TestOrangeLeave.java:40)
at com.testcases.TestOrangeLeave.quit(TestOrangeLeave.java:40)
at com.testcases.TestOrangeLeave.quit(TestOrangeLeave.java:40)
at com.testcases.TestOrangeLeave.quit(TestOrangeLeave.java:40)
at com.testcases.TestOrangeLeave.quit(TestOrangeLeave.java:40)
at com.testcases.TestOrangeLeave.quit(TestOrangeLeave.java:40)
at java.base/jdk.internal.reflect.NativeMethodAccessorImpl.invoke0(Native Method)
at java.base/jdk.internal.reflect.NativeMethodAccessorImpl.invoke(Unknown Source)
at java.base/jdk.internal.reflect.DelegatingMethodAccessorImpl.invoke(Unknown Source)
at java.base/java.lang.reflect.Method.invoke(Unknown Source)
at org.testng.internal.MethodInvocationHelper.invokeMethod(MethodInvocationHelper.java:134)
at org.testng.internal.MethodInvocationHelper.invokeMethodConsideringTimeout(MethodInvocationHelper.java:63)
at org.testng.internal.ConfigInvoker.invokeConfigurationMethod(ConfigInvoker.java:348)
at org.testng.internal.ConfigInvoker.invokeConfigurations(ConfigInvoker.java:302)
at org.testng.internal.TestMethodWorker.invokeAfterClassMethods(TestMethodWorker.java:217)
at org.testng.internal.TestMethodWorker.run(TestMethodWorker.java:130)
at java.base/java.util.ArrayList.forEach(Unknown Source)
at org.testng.TestRunner.privateRun(TestRunner.java:766)
at org.testng.TestRunner.run(TestRunner.java:587)
at org.testng.SuiteRunner.runTest(SuiteRunner.java:384)
at org.testng.SuiteRunner.runSequentially(SuiteRunner.java:378)
at org.testng.SuiteRunner.privateRun(SuiteRunner.java:337)
at org.testng.SuiteRunner.run(SuiteRunner.java:286)
at org.testng.SuiteRunnerWorker.runSuite(SuiteRunnerWorker.java:53)
at org.testng.SuiteRunnerWorker.run(SuiteRunnerWorker.java:96)
at org.testng.TestNG.runSuitesSequentially(TestNG.java:1187)
at org.testng.TestNG.runSuitesLocally(TestNG.java:1109)
at org.testng.TestNG.runSuites(TestNG.java:1039)
at org.testng.TestNG.run(TestNG.java:1007)
at org.testng.remote.AbstractRemoteTestNG.run(AbstractRemoteTestNG.java:115)
at org.testng.remote.RemoteTestNG.initAndRun(RemoteTestNG.java:251)
at org.testng.remote.RemoteTestNG.main(RemoteTestNG.java:77)
]]>
    </error>
  </testcase> <!-- quit -->
  <system-out/>
</testsuite> <!-- com.testcases.TestOrangeLeave -->
